<?xml version="1.0" encoding="UTF-8"?>
<!-- Generated by org.testng.reporters.JUnitXMLReporter -->
<testsuite hostname="DESKTOP-SKPPPFG" ignored="0" name="BEDeviationWithInvAndCapa4" tests="3" failures="0" timestamp="2022-03-15T18:14:35 IST" time="377.431" errors="0">
  <testcase name="toInvReReview" time="76.284" classname="com.pss.qms.DeviationWithInvAndCAPARejection.InvReReview"/>
  <testcase name="toCFTInvReviewReject" time="119.514" classname="com.pss.qms.DeviationWithInvAndCAPARejection.CFTInvReviewReject"/>
  <testcase name="toInvRePerform" time="166.338" classname="com.pss.qms.DeviationWithInvAndCAPARejection.InvRePerform"/>
</testsuite> <!-- BEDeviationWithInvAndCapa4 -->
