<?xml version="1.0" encoding="UTF-8"?>
<!-- Generated by org.testng.reporters.JUnitXMLReporter -->
<testsuite hostname="PSS-LAP2" ignored="0" name="DeviationWithActionItems" tests="8" failures="0" timestamp="2021-07-06T17:44:56 IST" time="426.761" errors="0">
  <testcase name="toActionItemPerformAssignedByQMSCoordinator" time="53.149" classname="com.pss.qms.DeviationWithAiInvAndCAPARejection.ActionItemPerformAssignedByQMSCoordinator"/>
  <testcase name="toActionItemPerformAssignedByQAHOD" time="48.086" classname="com.pss.qms.DeviationWithAiInvAndCAPARejection.ActionItemPerformAssignedByQAHOD"/>
  <testcase name="toActionItemApproveAssignedByQMSCoordinator" time="43.594" classname="com.pss.qms.DeviationWithAiInvAndCAPARejection.ActionItemRejectAssignedByQMSCoordinator"/>
  <testcase name="toActionItemRejectAssignedByQAHOD" time="46.429" classname="com.pss.qms.DeviationWithAiInvAndCAPARejection.ActionItemRejectAssignedByQAHOD"/>
  <testcase name="toActionItemRePerformAssignedByQMSCoordinator" time="39.949" classname="com.pss.qms.DeviationWithAiInvAndCAPARejection.ActionItemRePerformAssignedByQMSCoordinator"/>
  <testcase name="toActionItemRePerformAssignedByQAHOD" time="44.274" classname="com.pss.qms.DeviationWithAiInvAndCAPARejection.ActionItemRePerformAssignedByQAHOD"/>
  <testcase name="toActionItemApproveAssignedByQMSCoordinator" time="46.857" classname="com.pss.qms.DeviationWithAiInvAndCAPARejection.ActionItemApproveAssignedByQMSCoordinator"/>
  <testcase name="toActionItemApproveAssignedByQAHOD" time="46.538" classname="com.pss.qms.DeviationWithAiInvAndCAPARejection.ActionItemApproveAssignedByQAHOD"/>
</testsuite> <!-- DeviationWithActionItems -->
