<?xml version="1.0" encoding="UTF-8"?>
<!-- Generated by org.testng.reporters.JUnitXMLReporter -->
<testsuite hostname="DESKTOP-2TQFBEG" ignored="0" name="InvestigationForwardFlow" tests="5" failures="0" timestamp="2021-10-19T12:55:23 IST" time="465.543" errors="0">
  <testcase name="RequestInvestigation" time="125.78" classname="com.pss.qms.Investigation.InvestigationRequest"/>
  <testcase name="ApprovalInvestigationRequest" time="39.0" classname="com.pss.qms.Investigation.InvestigationRequestApproval"/>
  <testcase name="PlanInvestigation" time="82.712" classname="com.pss.qms.Investigation.InvestigationPlan"/>
  <testcase name="PerformInvestigation" time="127.62" classname="com.pss.qms.Investigation.InvestigationPerform"/>
  <testcase name="ReviewInvestigation" time="58.807" classname="com.pss.qms.Investigation.InvestigationReview"/>
</testsuite> <!-- InvestigationForwardFlow -->
