<?xml version="1.0" encoding="UTF-8"?>
<testsuite xmlns:xsi="http://www.w3.org/2001/XMLSchema-instance" xsi:noNamespaceSchemaLocation="https://maven.apache.org/surefire/maven-surefire-plugin/xsd/surefire-test-report-3.0.xsd" version="3.0" name="TestSuite" time="6.365" tests="129" errors="0" skipped="0" failures="129">
  <properties>
[...]
</properties>
  <testcase name="setUp" classname="com.pss.qms.ChangeControlRejection.CCInitiation" time="4.881">
    <failure message="session not created: This version of ChromeDriver only supports Chrome version 98&#10;Current browser version is 100.0.4896.127 with binary path C:\Program Files (x86)\Google\Chrome\Application\chrome.exe&#10;Build info: version: &apos;3.141.59&apos;, revision: &apos;e82be7d358&apos;, time: &apos;2018-11-14T08:17:03&apos;&#10;System info: host: &apos;DESKTOP-SKPPPFG&apos;, ip: &apos;192.168.0.100&apos;, os.name: &apos;Windows 10&apos;, os.arch: &apos;amd64&apos;, os.version: &apos;10.0&apos;, java.version: &apos;1.8.0_221&apos;&#10;Driver info: driver.version: ChromeDriver&#10;remote stacktrace: Backtrace:&#10;	Ordinal0 [0x01337AC3+2587331]&#10;	Ordinal0 [0x012CADD1+2141649]&#10;	Ordinal0 [0x011C3BB8+1063864]&#10;	Ordinal0 [0x011E3638+1193528]&#10;	Ordinal0 [0x011DF4B5+1176757]&#10;	Ordinal0 [0x011DCC51+1166417]&#10;	Ordinal0 [0x0120D12F+1364271]&#10;	Ordinal0 [0x0120CD5A+1363290]&#10;	Ordinal0 [0x012084A6+1344678]&#10;	Ordinal0 [0x011E53F6+1201142]&#10;	Ordinal0 [0x011E62E6+1204966]&#10;	GetHandleVerifier [0x014DDF22+1680738]&#10;	GetHandleVerifier [0x01590DBC+2413564]&#10;	GetHandleVerifier [0x013CD151+563089]&#10;	GetHandleVerifier [0x013CBF13+558419]&#10;	Ordinal0 [0x012D081E+2164766]&#10;	Ordinal0 [0x012D5508+2184456]&#10;	Ordinal0 [0x012D5650+2184784]&#10;	Ordinal0 [0x012DF5BC+2225596]&#10;	BaseThreadInitThunk [0x777662C4+36]&#10;	RtlSubscribeWnfStateChangeNotification [0x779E0FD9+1081]&#10;	RtlSubscribeWnfStateChangeNotification [0x779E0FA4+1028]&#10;" type="org.openqa.selenium.SessionNotCreatedException"><![CDATA[org.openqa.selenium.SessionNotCreatedException: 
session not created: This version of ChromeDriver only supports Chrome version 98
Current browser version is 100.0.4896.127 with binary path C:\Program Files (x86)\Google\Chrome\Application\chrome.exe
Build info: version: '3.141.59', revision: 'e82be7d358', time: '2018-11-14T08:17:03'
System info: host: 'DESKTOP-SKPPPFG', ip: '192.168.0.100', os.name: 'Windows 10', os.arch: 'amd64', os.version: '10.0', java.version: '1.8.0_221'
Driver info: driver.version: ChromeDriver
remote stacktrace: Backtrace:
	Ordinal0 [0x01337AC3+2587331]
	Ordinal0 [0x012CADD1+2141649]
	Ordinal0 [0x011C3BB8+1063864]
	Ordinal0 [0x011E3638+1193528]
	Ordinal0 [0x011DF4B5+1176757]
	Ordinal0 [0x011DCC51+1166417]
	Ordinal0 [0x0120D12F+1364271]
	Ordinal0 [0x0120CD5A+1363290]
	Ordinal0 [0x012084A6+1344678]
	Ordinal0 [0x011E53F6+1201142]
	Ordinal0 [0x011E62E6+1204966]
	GetHandleVerifier [0x014DDF22+1680738]
	GetHandleVerifier [0x01590DBC+2413564]
	GetHandleVerifier [0x013CD151+563089]
	GetHandleVerifier [0x013CBF13+558419]
	Ordinal0 [0x012D081E+2164766]
	Ordinal0 [0x012D5508+2184456]
	Ordinal0 [0x012D5650+2184784]
	Ordinal0 [0x012DF5BC+2225596]
	BaseThreadInitThunk [0x777662C4+36]
	RtlSubscribeWnfStateChangeNotification [0x779E0FD9+1081]
	RtlSubscribeWnfStateChangeNotification [0x779E0FA4+1028]

]]></failure>
    <system-out><![CDATA[onStart - QMSTestSuites suite1
Before Login
browser
browserName : null
]]></system-out>
    <system-err><![CDATA[Starting ChromeDriver 98.0.4758.80 (7f0488e8ba0d8e019187c6325a16c29d9b7f4989-refs/branch-heads/4758@{#972}) on port 17141
Only local connections are allowed.
Please see https://chromedriver.chromium.org/security-considerations for suggestions on keeping ChromeDriver safe.
ChromeDriver was started successfully.
]]></system-err>
  </testcase>
  <testcase name="toCCInitiation" classname="com.pss.qms.ChangeControlRejection.CCInitiation" time="0.016">
    <failure message="Test skipped due to a detected failure in the overall suite." type="java.lang.RuntimeException"><![CDATA[java.lang.RuntimeException: Test skipped due to a detected failure in the overall suite.
]]></failure>
    <system-out><![CDATA[Test Name - toCCInitiation
Failed Test Case - toCCInitiation
Failed Test Method - CCInitiation.toCCInitiation()[pri:0, instance:com.pss.qms.ChangeControlRejection.CCInitiation@1d16f93d]
Throwing exception while taking screenshotnull
]]></system-out>
    <system-err><![CDATA[java.lang.RuntimeException: Test skipped due to a detected failure in the overall suite.
	at com.pss.qms.Listners.SuiteFailingInvokedMethodListener.beforeInvocation(SuiteFailingInvokedMethodListener.java:17)
	at org.testng.internal.invokers.InvokedMethodListenerInvoker$InvokeBeforeInvocationWithoutContextStrategy.callMethod(InvokedMethodListenerInvoker.java:88)
	at org.testng.internal.invokers.InvokedMethodListenerInvoker.invokeListener(InvokedMethodListenerInvoker.java:61)
	at org.testng.internal.BaseInvoker.runInvokedMethodListeners(BaseInvoker.java:55)
	at org.testng.internal.TestInvoker.invokeListenersForSkippedTestResult(TestInvoker.java:429)
	at org.testng.internal.TestInvoker.invokeMethod(TestInvoker.java:529)
	at org.testng.internal.TestInvoker.invokeTestMethod(TestInvoker.java:172)
	at org.testng.internal.MethodRunner.runInSequence(MethodRunner.java:46)
	at org.testng.internal.TestInvoker$MethodInvocationAgent.invoke(TestInvoker.java:804)
	at org.testng.internal.TestInvoker.invokeTestMethods(TestInvoker.java:145)
	at org.testng.internal.TestMethodWorker.invokeTestMethods(TestMethodWorker.java:146)
	at org.testng.internal.TestMethodWorker.run(TestMethodWorker.java:128)
	at java.util.ArrayList.forEach(ArrayList.java:1257)
	at org.testng.TestRunner.privateRun(TestRunner.java:770)
	at org.testng.TestRunner.run(TestRunner.java:591)
	at org.testng.SuiteRunner.runTest(SuiteRunner.java:402)
	at org.testng.SuiteRunner.runSequentially(SuiteRunner.java:396)
	at org.testng.SuiteRunner.privateRun(SuiteRunner.java:355)
	at org.testng.SuiteRunner.run(SuiteRunner.java:304)
	at org.testng.SuiteRunnerWorker.runSuite(SuiteRunnerWorker.java:53)
	at org.testng.SuiteRunnerWorker.run(SuiteRunnerWorker.java:96)
	at org.testng.TestNG.runSuitesSequentially(TestNG.java:1180)
	at org.testng.TestNG.runSuitesLocally(TestNG.java:1102)
	at org.testng.TestNG.runSuites(TestNG.java:1032)
	at org.testng.TestNG.run(TestNG.java:1000)
	at org.apache.maven.surefire.testng.TestNGExecutor.run(TestNGExecutor.java:284)
	at org.apache.maven.surefire.testng.TestNGXmlTestSuite.execute(TestNGXmlTestSuite.java:75)
	at org.apache.maven.surefire.testng.TestNGProvider.invoke(TestNGProvider.java:119)
	at org.apache.maven.surefire.booter.ForkedBooter.runSuitesInProcess(ForkedBooter.java:428)
	at org.apache.maven.surefire.booter.ForkedBooter.execute(ForkedBooter.java:162)
	at org.apache.maven.surefire.booter.ForkedBooter.run(ForkedBooter.java:562)
	at org.apache.maven.surefire.booter.ForkedBooter.main(ForkedBooter.java:548)
]]></system-err>
  </testcase>
  <testcase name="tearDown" classname="com.pss.qms.ChangeControlRejection.CCInitiation" time="0.016">
    <failure message="Test skipped due to a detected failure in the overall suite." type="java.lang.RuntimeException"><![CDATA[java.lang.RuntimeException: Test skipped due to a detected failure in the overall suite.
]]></failure>
  </testcase>
  <testcase name="setUp" classname="com.pss.qms.ChangeControlRejection.DeptReviewerReject" time="0.016">
    <failure message="Test skipped due to a detected failure in the overall suite." type="java.lang.RuntimeException"><![CDATA[java.lang.RuntimeException: Test skipped due to a detected failure in the overall suite.
]]></failure>
  </testcase>
  <testcase name="toDeptReviewerReject" classname="com.pss.qms.ChangeControlRejection.DeptReviewerReject" time="0.015">
    <failure message="Test skipped due to a detected failure in the overall suite." type="java.lang.RuntimeException"><![CDATA[java.lang.RuntimeException: Test skipped due to a detected failure in the overall suite.
]]></failure>
    <system-out><![CDATA[Test Name - toDeptReviewerReject
Failed Test Case - toDeptReviewerReject
Failed Test Method - DeptReviewerReject.toDeptReviewerReject()[pri:0, instance:com.pss.qms.ChangeControlRejection.DeptReviewerReject@67b92f0a]
Throwing exception while taking screenshotnull
]]></system-out>
    <system-err><![CDATA[java.lang.RuntimeException: Test skipped due to a detected failure in the overall suite.
	at com.pss.qms.Listners.SuiteFailingInvokedMethodListener.beforeInvocation(SuiteFailingInvokedMethodListener.java:17)
	at org.testng.internal.invokers.InvokedMethodListenerInvoker$InvokeBeforeInvocationWithoutContextStrategy.callMethod(InvokedMethodListenerInvoker.java:88)
	at org.testng.internal.invokers.InvokedMethodListenerInvoker.invokeListener(InvokedMethodListenerInvoker.java:61)
	at org.testng.internal.BaseInvoker.runInvokedMethodListeners(BaseInvoker.java:55)
	at org.testng.internal.TestInvoker.invokeListenersForSkippedTestResult(TestInvoker.java:429)
	at org.testng.internal.TestInvoker.invokeMethod(TestInvoker.java:529)
	at org.testng.internal.TestInvoker.invokeTestMethod(TestInvoker.java:172)
	at org.testng.internal.MethodRunner.runInSequence(MethodRunner.java:46)
	at org.testng.internal.TestInvoker$MethodInvocationAgent.invoke(TestInvoker.java:804)
	at org.testng.internal.TestInvoker.invokeTestMethods(TestInvoker.java:145)
	at org.testng.internal.TestMethodWorker.invokeTestMethods(TestMethodWorker.java:146)
	at org.testng.internal.TestMethodWorker.run(TestMethodWorker.java:128)
	at java.util.ArrayList.forEach(ArrayList.java:1257)
	at org.testng.TestRunner.privateRun(TestRunner.java:770)
	at org.testng.TestRunner.run(TestRunner.java:591)
	at org.testng.SuiteRunner.runTest(SuiteRunner.java:402)
	at org.testng.SuiteRunner.runSequentially(SuiteRunner.java:396)
	at org.testng.SuiteRunner.privateRun(SuiteRunner.java:355)
	at org.testng.SuiteRunner.run(SuiteRunner.java:304)
	at org.testng.SuiteRunnerWorker.runSuite(SuiteRunnerWorker.java:53)
	at org.testng.SuiteRunnerWorker.run(SuiteRunnerWorker.java:96)
	at org.testng.TestNG.runSuitesSequentially(TestNG.java:1180)
	at org.testng.TestNG.runSuitesLocally(TestNG.java:1102)
	at org.testng.TestNG.runSuites(TestNG.java:1032)
	at org.testng.TestNG.run(TestNG.java:1000)
	at org.apache.maven.surefire.testng.TestNGExecutor.run(TestNGExecutor.java:284)
	at org.apache.maven.surefire.testng.TestNGXmlTestSuite.execute(TestNGXmlTestSuite.java:75)
	at org.apache.maven.surefire.testng.TestNGProvider.invoke(TestNGProvider.java:119)
	at org.apache.maven.surefire.booter.ForkedBooter.runSuitesInProcess(ForkedBooter.java:428)
	at org.apache.maven.surefire.booter.ForkedBooter.execute(ForkedBooter.java:162)
	at org.apache.maven.surefire.booter.ForkedBooter.run(ForkedBooter.java:562)
	at org.apache.maven.surefire.booter.ForkedBooter.main(ForkedBooter.java:548)
]]></system-err>
  </testcase>
  <testcase name="tearDown" classname="com.pss.qms.ChangeControlRejection.DeptReviewerReject" time="0.015">
    <failure message="Test skipped due to a detected failure in the overall suite." type="java.lang.RuntimeException"><![CDATA[java.lang.RuntimeException: Test skipped due to a detected failure in the overall suite.
]]></failure>
  </testcase>
  <testcase name="setUp" classname="com.pss.qms.ChangeControlRejection.ReInitiateDocument" time="0.015">
    <failure message="Test skipped due to a detected failure in the overall suite." type="java.lang.RuntimeException"><![CDATA[java.lang.RuntimeException: Test skipped due to a detected failure in the overall suite.
]]></failure>
  </testcase>
  <testcase name="setUp" classname="com.pss.qms.ChangeControlRejection.ReInitiateDocument" time="0.219">
    <failure message="Test skipped due to a detected failure in the overall suite." type="java.lang.RuntimeException"><![CDATA[java.lang.RuntimeException: Test skipped due to a detected failure in the overall suite.
]]></failure>
    <system-out><![CDATA[onFinish - QMSTestSuites suite1
onStart - QMSTestSuites suite2
]]></system-out>
  </testcase>
  <testcase name="toReInitiateDocument" classname="com.pss.qms.ChangeControlRejection.ReInitiateDocument" time="0">
    <failure message="Test skipped due to a detected failure in the overall suite." type="java.lang.RuntimeException"><![CDATA[java.lang.RuntimeException: Test skipped due to a detected failure in the overall suite.
]]></failure>
    <system-out><![CDATA[Test Name - toReInitiateDocument
Failed Test Case - toReInitiateDocument
Failed Test Method - ReInitiateDocument.toReInitiateDocument()[pri:0, instance:com.pss.qms.ChangeControlRejection.ReInitiateDocument@2b9627bc]
Throwing exception while taking screenshotnull
]]></system-out>
    <system-err><![CDATA[java.lang.RuntimeException: Test skipped due to a detected failure in the overall suite.
	at com.pss.qms.Listners.SuiteFailingInvokedMethodListener.beforeInvocation(SuiteFailingInvokedMethodListener.java:17)
	at org.testng.internal.invokers.InvokedMethodListenerInvoker$InvokeBeforeInvocationWithoutContextStrategy.callMethod(InvokedMethodListenerInvoker.java:88)
	at org.testng.internal.invokers.InvokedMethodListenerInvoker.invokeListener(InvokedMethodListenerInvoker.java:61)
	at org.testng.internal.BaseInvoker.runInvokedMethodListeners(BaseInvoker.java:55)
	at org.testng.internal.TestInvoker.invokeListenersForSkippedTestResult(TestInvoker.java:429)
	at org.testng.internal.TestInvoker.invokeMethod(TestInvoker.java:529)
	at org.testng.internal.TestInvoker.invokeTestMethod(TestInvoker.java:172)
	at org.testng.internal.MethodRunner.runInSequence(MethodRunner.java:46)
	at org.testng.internal.TestInvoker$MethodInvocationAgent.invoke(TestInvoker.java:804)
	at org.testng.internal.TestInvoker.invokeTestMethods(TestInvoker.java:145)
	at org.testng.internal.TestMethodWorker.invokeTestMethods(TestMethodWorker.java:146)
	at org.testng.internal.TestMethodWorker.run(TestMethodWorker.java:128)
	at java.util.ArrayList.forEach(ArrayList.java:1257)
	at org.testng.TestRunner.privateRun(TestRunner.java:770)
	at org.testng.TestRunner.run(TestRunner.java:591)
	at org.testng.SuiteRunner.runTest(SuiteRunner.java:402)
	at org.testng.SuiteRunner.runSequentially(SuiteRunner.java:396)
	at org.testng.SuiteRunner.privateRun(SuiteRunner.java:355)
	at org.testng.SuiteRunner.run(SuiteRunner.java:304)
	at org.testng.SuiteRunnerWorker.runSuite(SuiteRunnerWorker.java:53)
	at org.testng.SuiteRunnerWorker.run(SuiteRunnerWorker.java:96)
	at org.testng.TestNG.runSuitesSequentially(TestNG.java:1180)
	at org.testng.TestNG.runSuitesLocally(TestNG.java:1102)
	at org.testng.TestNG.runSuites(TestNG.java:1032)
	at org.testng.TestNG.run(TestNG.java:1000)
	at org.apache.maven.surefire.testng.TestNGExecutor.run(TestNGExecutor.java:284)
	at org.apache.maven.surefire.testng.TestNGXmlTestSuite.execute(TestNGXmlTestSuite.java:75)
	at org.apache.maven.surefire.testng.TestNGProvider.invoke(TestNGProvider.java:119)
	at org.apache.maven.surefire.booter.ForkedBooter.runSuitesInProcess(ForkedBooter.java:428)
	at org.apache.maven.surefire.booter.ForkedBooter.execute(ForkedBooter.java:162)
	at org.apache.maven.surefire.booter.ForkedBooter.run(ForkedBooter.java:562)
	at org.apache.maven.surefire.booter.ForkedBooter.main(ForkedBooter.java:548)
]]></system-err>
  </testcase>
  <testcase name="toReInitiateDocument" classname="com.pss.qms.ChangeControlRejection.ReInitiateDocument" time="0">
    <failure message="Test skipped due to a detected failure in the overall suite." type="java.lang.RuntimeException"><![CDATA[java.lang.RuntimeException: Test skipped due to a detected failure in the overall suite.
]]></failure>
    <system-out><![CDATA[Test Name - toReInitiateDocument
Failed Test Case - toReInitiateDocument
Failed Test Method - ReInitiateDocument.toReInitiateDocument()[pri:0, instance:com.pss.qms.ChangeControlRejection.ReInitiateDocument@68bbe345]
Throwing exception while taking screenshotnull
]]></system-out>
    <system-err><![CDATA[java.lang.RuntimeException: Test skipped due to a detected failure in the overall suite.
	at com.pss.qms.Listners.SuiteFailingInvokedMethodListener.beforeInvocation(SuiteFailingInvokedMethodListener.java:17)
	at org.testng.internal.invokers.InvokedMethodListenerInvoker$InvokeBeforeInvocationWithoutContextStrategy.callMethod(InvokedMethodListenerInvoker.java:88)
	at org.testng.internal.invokers.InvokedMethodListenerInvoker.invokeListener(InvokedMethodListenerInvoker.java:61)
	at org.testng.internal.BaseInvoker.runInvokedMethodListeners(BaseInvoker.java:55)
	at org.testng.internal.TestInvoker.invokeListenersForSkippedTestResult(TestInvoker.java:429)
	at org.testng.internal.TestInvoker.invokeMethod(TestInvoker.java:529)
	at org.testng.internal.TestInvoker.invokeTestMethod(TestInvoker.java:172)
	at org.testng.internal.MethodRunner.runInSequence(MethodRunner.java:46)
	at org.testng.internal.TestInvoker$MethodInvocationAgent.invoke(TestInvoker.java:804)
	at org.testng.internal.TestInvoker.invokeTestMethods(TestInvoker.java:145)
	at org.testng.internal.TestMethodWorker.invokeTestMethods(TestMethodWorker.java:146)
	at org.testng.internal.TestMethodWorker.run(TestMethodWorker.java:128)
	at java.util.ArrayList.forEach(ArrayList.java:1257)
	at org.testng.TestRunner.privateRun(TestRunner.java:770)
	at org.testng.TestRunner.run(TestRunner.java:591)
	at org.testng.SuiteRunner.runTest(SuiteRunner.java:402)
	at org.testng.SuiteRunner.runSequentially(SuiteRunner.java:396)
	at org.testng.SuiteRunner.privateRun(SuiteRunner.java:355)
	at org.testng.SuiteRunner.run(SuiteRunner.java:304)
	at org.testng.SuiteRunnerWorker.runSuite(SuiteRunnerWorker.java:53)
	at org.testng.SuiteRunnerWorker.run(SuiteRunnerWorker.java:96)
	at org.testng.TestNG.runSuitesSequentially(TestNG.java:1180)
	at org.testng.TestNG.runSuitesLocally(TestNG.java:1102)
	at org.testng.TestNG.runSuites(TestNG.java:1032)
	at org.testng.TestNG.run(TestNG.java:1000)
	at org.apache.maven.surefire.testng.TestNGExecutor.run(TestNGExecutor.java:284)
	at org.apache.maven.surefire.testng.TestNGXmlTestSuite.execute(TestNGXmlTestSuite.java:75)
	at org.apache.maven.surefire.testng.TestNGProvider.invoke(TestNGProvider.java:119)
	at org.apache.maven.surefire.booter.ForkedBooter.runSuitesInProcess(ForkedBooter.java:428)
	at org.apache.maven.surefire.booter.ForkedBooter.execute(ForkedBooter.java:162)
	at org.apache.maven.surefire.booter.ForkedBooter.run(ForkedBooter.java:562)
	at org.apache.maven.surefire.booter.ForkedBooter.main(ForkedBooter.java:548)
]]></system-err>
  </testcase>
  <testcase name="tearDown" classname="com.pss.qms.ChangeControlRejection.ReInitiateDocument" time="0">
    <failure message="Test skipped due to a detected failure in the overall suite." type="java.lang.RuntimeException"><![CDATA[java.lang.RuntimeException: Test skipped due to a detected failure in the overall suite.
]]></failure>
  </testcase>
  <testcase name="tearDown" classname="com.pss.qms.ChangeControlRejection.ReInitiateDocument" time="0">
    <failure message="Test skipped due to a detected failure in the overall suite." type="java.lang.RuntimeException"><![CDATA[java.lang.RuntimeException: Test skipped due to a detected failure in the overall suite.
]]></failure>
  </testcase>
  <testcase name="setUp" classname="com.pss.qms.ChangeControlRejection.DeptReviewerApprove" time="0">
    <failure message="Test skipped due to a detected failure in the overall suite." type="java.lang.RuntimeException"><![CDATA[java.lang.RuntimeException: Test skipped due to a detected failure in the overall suite.
]]></failure>
  </testcase>
  <testcase name="toDeptReviewerApprove" classname="com.pss.qms.ChangeControlRejection.DeptReviewerApprove" time="0.016">
    <failure message="Test skipped due to a detected failure in the overall suite." type="java.lang.RuntimeException"><![CDATA[java.lang.RuntimeException: Test skipped due to a detected failure in the overall suite.
]]></failure>
    <system-out><![CDATA[Test Name - toDeptReviewerApprove
Failed Test Case - toDeptReviewerApprove
Failed Test Method - DeptReviewerApprove.toDeptReviewerApprove()[pri:0, instance:com.pss.qms.ChangeControlRejection.DeptReviewerApprove@65e2dbf3]
Throwing exception while taking screenshotnull
]]></system-out>
    <system-err><![CDATA[java.lang.RuntimeException: Test skipped due to a detected failure in the overall suite.
	at com.pss.qms.Listners.SuiteFailingInvokedMethodListener.beforeInvocation(SuiteFailingInvokedMethodListener.java:17)
	at org.testng.internal.invokers.InvokedMethodListenerInvoker$InvokeBeforeInvocationWithoutContextStrategy.callMethod(InvokedMethodListenerInvoker.java:88)
	at org.testng.internal.invokers.InvokedMethodListenerInvoker.invokeListener(InvokedMethodListenerInvoker.java:61)
	at org.testng.internal.BaseInvoker.runInvokedMethodListeners(BaseInvoker.java:55)
	at org.testng.internal.TestInvoker.invokeListenersForSkippedTestResult(TestInvoker.java:429)
	at org.testng.internal.TestInvoker.invokeMethod(TestInvoker.java:529)
	at org.testng.internal.TestInvoker.invokeTestMethod(TestInvoker.java:172)
	at org.testng.internal.MethodRunner.runInSequence(MethodRunner.java:46)
	at org.testng.internal.TestInvoker$MethodInvocationAgent.invoke(TestInvoker.java:804)
	at org.testng.internal.TestInvoker.invokeTestMethods(TestInvoker.java:145)
	at org.testng.internal.TestMethodWorker.invokeTestMethods(TestMethodWorker.java:146)
	at org.testng.internal.TestMethodWorker.run(TestMethodWorker.java:128)
	at java.util.ArrayList.forEach(ArrayList.java:1257)
	at org.testng.TestRunner.privateRun(TestRunner.java:770)
	at org.testng.TestRunner.run(TestRunner.java:591)
	at org.testng.SuiteRunner.runTest(SuiteRunner.java:402)
	at org.testng.SuiteRunner.runSequentially(SuiteRunner.java:396)
	at org.testng.SuiteRunner.privateRun(SuiteRunner.java:355)
	at org.testng.SuiteRunner.run(SuiteRunner.java:304)
	at org.testng.SuiteRunnerWorker.runSuite(SuiteRunnerWorker.java:53)
	at org.testng.SuiteRunnerWorker.run(SuiteRunnerWorker.java:96)
	at org.testng.TestNG.runSuitesSequentially(TestNG.java:1180)
	at org.testng.TestNG.runSuitesLocally(TestNG.java:1102)
	at org.testng.TestNG.runSuites(TestNG.java:1032)
	at org.testng.TestNG.run(TestNG.java:1000)
	at org.apache.maven.surefire.testng.TestNGExecutor.run(TestNGExecutor.java:284)
	at org.apache.maven.surefire.testng.TestNGXmlTestSuite.execute(TestNGXmlTestSuite.java:75)
	at org.apache.maven.surefire.testng.TestNGProvider.invoke(TestNGProvider.java:119)
	at org.apache.maven.surefire.booter.ForkedBooter.runSuitesInProcess(ForkedBooter.java:428)
	at org.apache.maven.surefire.booter.ForkedBooter.execute(ForkedBooter.java:162)
	at org.apache.maven.surefire.booter.ForkedBooter.run(ForkedBooter.java:562)
	at org.apache.maven.surefire.booter.ForkedBooter.main(ForkedBooter.java:548)
]]></system-err>
  </testcase>
  <testcase name="tearDown" classname="com.pss.qms.ChangeControlRejection.DeptReviewerApprove" time="0.016">
    <failure message="Test skipped due to a detected failure in the overall suite." type="java.lang.RuntimeException"><![CDATA[java.lang.RuntimeException: Test skipped due to a detected failure in the overall suite.
]]></failure>
  </testcase>
  <testcase name="setUp" classname="com.pss.qms.ChangeControlRejection.QAReviewReject" time="0.016">
    <failure message="Test skipped due to a detected failure in the overall suite." type="java.lang.RuntimeException"><![CDATA[java.lang.RuntimeException: Test skipped due to a detected failure in the overall suite.
]]></failure>
  </testcase>
  <testcase name="toQAReviewReject" classname="com.pss.qms.ChangeControlRejection.QAReviewReject" time="0.015">
    <failure message="Test skipped due to a detected failure in the overall suite." type="java.lang.RuntimeException"><![CDATA[java.lang.RuntimeException: Test skipped due to a detected failure in the overall suite.
]]></failure>
    <system-out><![CDATA[Test Name - toQAReviewReject
Failed Test Case - toQAReviewReject
Failed Test Method - QAReviewReject.toQAReviewReject()[pri:0, instance:com.pss.qms.ChangeControlRejection.QAReviewReject@4f970963]
Throwing exception while taking screenshotnull
]]></system-out>
    <system-err><![CDATA[java.lang.RuntimeException: Test skipped due to a detected failure in the overall suite.
	at com.pss.qms.Listners.SuiteFailingInvokedMethodListener.beforeInvocation(SuiteFailingInvokedMethodListener.java:17)
	at org.testng.internal.invokers.InvokedMethodListenerInvoker$InvokeBeforeInvocationWithoutContextStrategy.callMethod(InvokedMethodListenerInvoker.java:88)
	at org.testng.internal.invokers.InvokedMethodListenerInvoker.invokeListener(InvokedMethodListenerInvoker.java:61)
	at org.testng.internal.BaseInvoker.runInvokedMethodListeners(BaseInvoker.java:55)
	at org.testng.internal.TestInvoker.invokeListenersForSkippedTestResult(TestInvoker.java:429)
	at org.testng.internal.TestInvoker.invokeMethod(TestInvoker.java:529)
	at org.testng.internal.TestInvoker.invokeTestMethod(TestInvoker.java:172)
	at org.testng.internal.MethodRunner.runInSequence(MethodRunner.java:46)
	at org.testng.internal.TestInvoker$MethodInvocationAgent.invoke(TestInvoker.java:804)
	at org.testng.internal.TestInvoker.invokeTestMethods(TestInvoker.java:145)
	at org.testng.internal.TestMethodWorker.invokeTestMethods(TestMethodWorker.java:146)
	at org.testng.internal.TestMethodWorker.run(TestMethodWorker.java:128)
	at java.util.ArrayList.forEach(ArrayList.java:1257)
	at org.testng.TestRunner.privateRun(TestRunner.java:770)
	at org.testng.TestRunner.run(TestRunner.java:591)
	at org.testng.SuiteRunner.runTest(SuiteRunner.java:402)
	at org.testng.SuiteRunner.runSequentially(SuiteRunner.java:396)
	at org.testng.SuiteRunner.privateRun(SuiteRunner.java:355)
	at org.testng.SuiteRunner.run(SuiteRunner.java:304)
	at org.testng.SuiteRunnerWorker.runSuite(SuiteRunnerWorker.java:53)
	at org.testng.SuiteRunnerWorker.run(SuiteRunnerWorker.java:96)
	at org.testng.TestNG.runSuitesSequentially(TestNG.java:1180)
	at org.testng.TestNG.runSuitesLocally(TestNG.java:1102)
	at org.testng.TestNG.runSuites(TestNG.java:1032)
	at org.testng.TestNG.run(TestNG.java:1000)
	at org.apache.maven.surefire.testng.TestNGExecutor.run(TestNGExecutor.java:284)
	at org.apache.maven.surefire.testng.TestNGXmlTestSuite.execute(TestNGXmlTestSuite.java:75)
	at org.apache.maven.surefire.testng.TestNGProvider.invoke(TestNGProvider.java:119)
	at org.apache.maven.surefire.booter.ForkedBooter.runSuitesInProcess(ForkedBooter.java:428)
	at org.apache.maven.surefire.booter.ForkedBooter.execute(ForkedBooter.java:162)
	at org.apache.maven.surefire.booter.ForkedBooter.run(ForkedBooter.java:562)
	at org.apache.maven.surefire.booter.ForkedBooter.main(ForkedBooter.java:548)
]]></system-err>
  </testcase>
  <testcase name="tearDown" classname="com.pss.qms.ChangeControlRejection.QAReviewReject" time="0.015">
    <failure message="Test skipped due to a detected failure in the overall suite." type="java.lang.RuntimeException"><![CDATA[java.lang.RuntimeException: Test skipped due to a detected failure in the overall suite.
]]></failure>
  </testcase>
  <testcase name="setUp" classname="com.pss.qms.ChangeControlRejection.DeptReReview" time="0">
    <failure message="Test skipped due to a detected failure in the overall suite." type="java.lang.RuntimeException"><![CDATA[java.lang.RuntimeException: Test skipped due to a detected failure in the overall suite.
]]></failure>
  </testcase>
  <testcase name="toDeptReReview" classname="com.pss.qms.ChangeControlRejection.DeptReReview" time="0">
    <failure message="Test skipped due to a detected failure in the overall suite." type="java.lang.RuntimeException"><![CDATA[java.lang.RuntimeException: Test skipped due to a detected failure in the overall suite.
]]></failure>
    <system-out><![CDATA[Test Name - toDeptReReview
Failed Test Case - toDeptReReview
Failed Test Method - DeptReReview.toDeptReReview()[pri:0, instance:com.pss.qms.ChangeControlRejection.DeptReReview@30b8a058]
Throwing exception while taking screenshotnull
]]></system-out>
    <system-err><![CDATA[java.lang.RuntimeException: Test skipped due to a detected failure in the overall suite.
	at com.pss.qms.Listners.SuiteFailingInvokedMethodListener.beforeInvocation(SuiteFailingInvokedMethodListener.java:17)
	at org.testng.internal.invokers.InvokedMethodListenerInvoker$InvokeBeforeInvocationWithoutContextStrategy.callMethod(InvokedMethodListenerInvoker.java:88)
	at org.testng.internal.invokers.InvokedMethodListenerInvoker.invokeListener(InvokedMethodListenerInvoker.java:61)
	at org.testng.internal.BaseInvoker.runInvokedMethodListeners(BaseInvoker.java:55)
	at org.testng.internal.TestInvoker.invokeListenersForSkippedTestResult(TestInvoker.java:429)
	at org.testng.internal.TestInvoker.invokeMethod(TestInvoker.java:529)
	at org.testng.internal.TestInvoker.invokeTestMethod(TestInvoker.java:172)
	at org.testng.internal.MethodRunner.runInSequence(MethodRunner.java:46)
	at org.testng.internal.TestInvoker$MethodInvocationAgent.invoke(TestInvoker.java:804)
	at org.testng.internal.TestInvoker.invokeTestMethods(TestInvoker.java:145)
	at org.testng.internal.TestMethodWorker.invokeTestMethods(TestMethodWorker.java:146)
	at org.testng.internal.TestMethodWorker.run(TestMethodWorker.java:128)
	at java.util.ArrayList.forEach(ArrayList.java:1257)
	at org.testng.TestRunner.privateRun(TestRunner.java:770)
	at org.testng.TestRunner.run(TestRunner.java:591)
	at org.testng.SuiteRunner.runTest(SuiteRunner.java:402)
	at org.testng.SuiteRunner.runSequentially(SuiteRunner.java:396)
	at org.testng.SuiteRunner.privateRun(SuiteRunner.java:355)
	at org.testng.SuiteRunner.run(SuiteRunner.java:304)
	at org.testng.SuiteRunnerWorker.runSuite(SuiteRunnerWorker.java:53)
	at org.testng.SuiteRunnerWorker.run(SuiteRunnerWorker.java:96)
	at org.testng.TestNG.runSuitesSequentially(TestNG.java:1180)
	at org.testng.TestNG.runSuitesLocally(TestNG.java:1102)
	at org.testng.TestNG.runSuites(TestNG.java:1032)
	at org.testng.TestNG.run(TestNG.java:1000)
	at org.apache.maven.surefire.testng.TestNGExecutor.run(TestNGExecutor.java:284)
	at org.apache.maven.surefire.testng.TestNGXmlTestSuite.execute(TestNGXmlTestSuite.java:75)
	at org.apache.maven.surefire.testng.TestNGProvider.invoke(TestNGProvider.java:119)
	at org.apache.maven.surefire.booter.ForkedBooter.runSuitesInProcess(ForkedBooter.java:428)
	at org.apache.maven.surefire.booter.ForkedBooter.execute(ForkedBooter.java:162)
	at org.apache.maven.surefire.booter.ForkedBooter.run(ForkedBooter.java:562)
	at org.apache.maven.surefire.booter.ForkedBooter.main(ForkedBooter.java:548)
]]></system-err>
  </testcase>
  <testcase name="tearDown" classname="com.pss.qms.ChangeControlRejection.DeptReReview" time="0">
    <failure message="Test skipped due to a detected failure in the overall suite." type="java.lang.RuntimeException"><![CDATA[java.lang.RuntimeException: Test skipped due to a detected failure in the overall suite.
]]></failure>
  </testcase>
  <testcase name="setUp" classname="com.pss.qms.ChangeControlRejection.QAReviewApproveAfterReject" time="0">
    <failure message="Test skipped due to a detected failure in the overall suite." type="java.lang.RuntimeException"><![CDATA[java.lang.RuntimeException: Test skipped due to a detected failure in the overall suite.
]]></failure>
  </testcase>
  <testcase name="toQAReviewerCC" classname="com.pss.qms.ChangeControlRejection.QAReviewApproveAfterReject" time="0">
    <failure message="Test skipped due to a detected failure in the overall suite." type="java.lang.RuntimeException"><![CDATA[java.lang.RuntimeException: Test skipped due to a detected failure in the overall suite.
]]></failure>
    <system-out><![CDATA[Test Name - toQAReviewerCC
Failed Test Case - toQAReviewerCC
Failed Test Method - QAReviewApproveAfterReject.toQAReviewerCC()[pri:0, instance:com.pss.qms.ChangeControlRejection.QAReviewApproveAfterReject@7494e528]
Throwing exception while taking screenshotnull
]]></system-out>
    <system-err><![CDATA[java.lang.RuntimeException: Test skipped due to a detected failure in the overall suite.
	at com.pss.qms.Listners.SuiteFailingInvokedMethodListener.beforeInvocation(SuiteFailingInvokedMethodListener.java:17)
	at org.testng.internal.invokers.InvokedMethodListenerInvoker$InvokeBeforeInvocationWithoutContextStrategy.callMethod(InvokedMethodListenerInvoker.java:88)
	at org.testng.internal.invokers.InvokedMethodListenerInvoker.invokeListener(InvokedMethodListenerInvoker.java:61)
	at org.testng.internal.BaseInvoker.runInvokedMethodListeners(BaseInvoker.java:55)
	at org.testng.internal.TestInvoker.invokeListenersForSkippedTestResult(TestInvoker.java:429)
	at org.testng.internal.TestInvoker.invokeMethod(TestInvoker.java:529)
	at org.testng.internal.TestInvoker.invokeTestMethod(TestInvoker.java:172)
	at org.testng.internal.MethodRunner.runInSequence(MethodRunner.java:46)
	at org.testng.internal.TestInvoker$MethodInvocationAgent.invoke(TestInvoker.java:804)
	at org.testng.internal.TestInvoker.invokeTestMethods(TestInvoker.java:145)
	at org.testng.internal.TestMethodWorker.invokeTestMethods(TestMethodWorker.java:146)
	at org.testng.internal.TestMethodWorker.run(TestMethodWorker.java:128)
	at java.util.ArrayList.forEach(ArrayList.java:1257)
	at org.testng.TestRunner.privateRun(TestRunner.java:770)
	at org.testng.TestRunner.run(TestRunner.java:591)
	at org.testng.SuiteRunner.runTest(SuiteRunner.java:402)
	at org.testng.SuiteRunner.runSequentially(SuiteRunner.java:396)
	at org.testng.SuiteRunner.privateRun(SuiteRunner.java:355)
	at org.testng.SuiteRunner.run(SuiteRunner.java:304)
	at org.testng.SuiteRunnerWorker.runSuite(SuiteRunnerWorker.java:53)
	at org.testng.SuiteRunnerWorker.run(SuiteRunnerWorker.java:96)
	at org.testng.TestNG.runSuitesSequentially(TestNG.java:1180)
	at org.testng.TestNG.runSuitesLocally(TestNG.java:1102)
	at org.testng.TestNG.runSuites(TestNG.java:1032)
	at org.testng.TestNG.run(TestNG.java:1000)
	at org.apache.maven.surefire.testng.TestNGExecutor.run(TestNGExecutor.java:284)
	at org.apache.maven.surefire.testng.TestNGXmlTestSuite.execute(TestNGXmlTestSuite.java:75)
	at org.apache.maven.surefire.testng.TestNGProvider.invoke(TestNGProvider.java:119)
	at org.apache.maven.surefire.booter.ForkedBooter.runSuitesInProcess(ForkedBooter.java:428)
	at org.apache.maven.surefire.booter.ForkedBooter.execute(ForkedBooter.java:162)
	at org.apache.maven.surefire.booter.ForkedBooter.run(ForkedBooter.java:562)
	at org.apache.maven.surefire.booter.ForkedBooter.main(ForkedBooter.java:548)
]]></system-err>
  </testcase>
  <testcase name="tearDown" classname="com.pss.qms.ChangeControlRejection.QAReviewApproveAfterReject" time="0">
    <failure message="Test skipped due to a detected failure in the overall suite." type="java.lang.RuntimeException"><![CDATA[java.lang.RuntimeException: Test skipped due to a detected failure in the overall suite.
]]></failure>
  </testcase>
  <testcase name="setUp" classname="com.pss.qms.ChangeControlRejection.CFTReviewReject" time="0">
    <failure message="Test skipped due to a detected failure in the overall suite." type="java.lang.RuntimeException"><![CDATA[java.lang.RuntimeException: Test skipped due to a detected failure in the overall suite.
]]></failure>
  </testcase>
  <testcase name="toCFTReviewReject" classname="com.pss.qms.ChangeControlRejection.CFTReviewReject" time="0.016">
    <failure message="Test skipped due to a detected failure in the overall suite." type="java.lang.RuntimeException"><![CDATA[java.lang.RuntimeException: Test skipped due to a detected failure in the overall suite.
]]></failure>
    <system-out><![CDATA[Test Name - toCFTReviewReject
Failed Test Case - toCFTReviewReject
Failed Test Method - CFTReviewReject.toCFTReviewReject()[pri:0, instance:com.pss.qms.ChangeControlRejection.CFTReviewReject@4bbfb90a]
Throwing exception while taking screenshotnull
]]></system-out>
    <system-err><![CDATA[java.lang.RuntimeException: Test skipped due to a detected failure in the overall suite.
	at com.pss.qms.Listners.SuiteFailingInvokedMethodListener.beforeInvocation(SuiteFailingInvokedMethodListener.java:17)
	at org.testng.internal.invokers.InvokedMethodListenerInvoker$InvokeBeforeInvocationWithoutContextStrategy.callMethod(InvokedMethodListenerInvoker.java:88)
	at org.testng.internal.invokers.InvokedMethodListenerInvoker.invokeListener(InvokedMethodListenerInvoker.java:61)
	at org.testng.internal.BaseInvoker.runInvokedMethodListeners(BaseInvoker.java:55)
	at org.testng.internal.TestInvoker.invokeListenersForSkippedTestResult(TestInvoker.java:429)
	at org.testng.internal.TestInvoker.invokeMethod(TestInvoker.java:529)
	at org.testng.internal.TestInvoker.invokeTestMethod(TestInvoker.java:172)
	at org.testng.internal.MethodRunner.runInSequence(MethodRunner.java:46)
	at org.testng.internal.TestInvoker$MethodInvocationAgent.invoke(TestInvoker.java:804)
	at org.testng.internal.TestInvoker.invokeTestMethods(TestInvoker.java:145)
	at org.testng.internal.TestMethodWorker.invokeTestMethods(TestMethodWorker.java:146)
	at org.testng.internal.TestMethodWorker.run(TestMethodWorker.java:128)
	at java.util.ArrayList.forEach(ArrayList.java:1257)
	at org.testng.TestRunner.privateRun(TestRunner.java:770)
	at org.testng.TestRunner.run(TestRunner.java:591)
	at org.testng.SuiteRunner.runTest(SuiteRunner.java:402)
	at org.testng.SuiteRunner.runSequentially(SuiteRunner.java:396)
	at org.testng.SuiteRunner.privateRun(SuiteRunner.java:355)
	at org.testng.SuiteRunner.run(SuiteRunner.java:304)
	at org.testng.SuiteRunnerWorker.runSuite(SuiteRunnerWorker.java:53)
	at org.testng.SuiteRunnerWorker.run(SuiteRunnerWorker.java:96)
	at org.testng.TestNG.runSuitesSequentially(TestNG.java:1180)
	at org.testng.TestNG.runSuitesLocally(TestNG.java:1102)
	at org.testng.TestNG.runSuites(TestNG.java:1032)
	at org.testng.TestNG.run(TestNG.java:1000)
	at org.apache.maven.surefire.testng.TestNGExecutor.run(TestNGExecutor.java:284)
	at org.apache.maven.surefire.testng.TestNGXmlTestSuite.execute(TestNGXmlTestSuite.java:75)
	at org.apache.maven.surefire.testng.TestNGProvider.invoke(TestNGProvider.java:119)
	at org.apache.maven.surefire.booter.ForkedBooter.runSuitesInProcess(ForkedBooter.java:428)
	at org.apache.maven.surefire.booter.ForkedBooter.execute(ForkedBooter.java:162)
	at org.apache.maven.surefire.booter.ForkedBooter.run(ForkedBooter.java:562)
	at org.apache.maven.surefire.booter.ForkedBooter.main(ForkedBooter.java:548)
]]></system-err>
  </testcase>
  <testcase name="tearDown" classname="com.pss.qms.ChangeControlRejection.CFTReviewReject" time="0.016">
    <failure message="Test skipped due to a detected failure in the overall suite." type="java.lang.RuntimeException"><![CDATA[java.lang.RuntimeException: Test skipped due to a detected failure in the overall suite.
]]></failure>
  </testcase>
  <testcase name="setUp" classname="com.pss.qms.ChangeControlRejection.QAReviewerAfterCFTReject" time="0.016">
    <failure message="Test skipped due to a detected failure in the overall suite." type="java.lang.RuntimeException"><![CDATA[java.lang.RuntimeException: Test skipped due to a detected failure in the overall suite.
]]></failure>
  </testcase>
  <testcase name="setUp" classname="com.pss.qms.ChangeControlRejection.QAReviewerAfterCFTReject" time="0">
    <failure message="Test skipped due to a detected failure in the overall suite." type="java.lang.RuntimeException"><![CDATA[java.lang.RuntimeException: Test skipped due to a detected failure in the overall suite.
]]></failure>
  </testcase>
  <testcase name="toQAReviewerAfterCFTReject" classname="com.pss.qms.ChangeControlRejection.QAReviewerAfterCFTReject" time="0">
    <failure message="Test skipped due to a detected failure in the overall suite." type="java.lang.RuntimeException"><![CDATA[java.lang.RuntimeException: Test skipped due to a detected failure in the overall suite.
]]></failure>
    <system-out><![CDATA[Test Name - toQAReviewerAfterCFTReject
Failed Test Case - toQAReviewerAfterCFTReject
Failed Test Method - QAReviewerAfterCFTReject.toQAReviewerAfterCFTReject()[pri:0, instance:com.pss.qms.ChangeControlRejection.QAReviewerAfterCFTReject@7c29daf3]
Throwing exception while taking screenshotnull
]]></system-out>
    <system-err><![CDATA[java.lang.RuntimeException: Test skipped due to a detected failure in the overall suite.
	at com.pss.qms.Listners.SuiteFailingInvokedMethodListener.beforeInvocation(SuiteFailingInvokedMethodListener.java:17)
	at org.testng.internal.invokers.InvokedMethodListenerInvoker$InvokeBeforeInvocationWithoutContextStrategy.callMethod(InvokedMethodListenerInvoker.java:88)
	at org.testng.internal.invokers.InvokedMethodListenerInvoker.invokeListener(InvokedMethodListenerInvoker.java:61)
	at org.testng.internal.BaseInvoker.runInvokedMethodListeners(BaseInvoker.java:55)
	at org.testng.internal.TestInvoker.invokeListenersForSkippedTestResult(TestInvoker.java:429)
	at org.testng.internal.TestInvoker.invokeMethod(TestInvoker.java:529)
	at org.testng.internal.TestInvoker.invokeTestMethod(TestInvoker.java:172)
	at org.testng.internal.MethodRunner.runInSequence(MethodRunner.java:46)
	at org.testng.internal.TestInvoker$MethodInvocationAgent.invoke(TestInvoker.java:804)
	at org.testng.internal.TestInvoker.invokeTestMethods(TestInvoker.java:145)
	at org.testng.internal.TestMethodWorker.invokeTestMethods(TestMethodWorker.java:146)
	at org.testng.internal.TestMethodWorker.run(TestMethodWorker.java:128)
	at java.util.ArrayList.forEach(ArrayList.java:1257)
	at org.testng.TestRunner.privateRun(TestRunner.java:770)
	at org.testng.TestRunner.run(TestRunner.java:591)
	at org.testng.SuiteRunner.runTest(SuiteRunner.java:402)
	at org.testng.SuiteRunner.runSequentially(SuiteRunner.java:396)
	at org.testng.SuiteRunner.privateRun(SuiteRunner.java:355)
	at org.testng.SuiteRunner.run(SuiteRunner.java:304)
	at org.testng.SuiteRunnerWorker.runSuite(SuiteRunnerWorker.java:53)
	at org.testng.SuiteRunnerWorker.run(SuiteRunnerWorker.java:96)
	at org.testng.TestNG.runSuitesSequentially(TestNG.java:1180)
	at org.testng.TestNG.runSuitesLocally(TestNG.java:1102)
	at org.testng.TestNG.runSuites(TestNG.java:1032)
	at org.testng.TestNG.run(TestNG.java:1000)
	at org.apache.maven.surefire.testng.TestNGExecutor.run(TestNGExecutor.java:284)
	at org.apache.maven.surefire.testng.TestNGXmlTestSuite.execute(TestNGXmlTestSuite.java:75)
	at org.apache.maven.surefire.testng.TestNGProvider.invoke(TestNGProvider.java:119)
	at org.apache.maven.surefire.booter.ForkedBooter.runSuitesInProcess(ForkedBooter.java:428)
	at org.apache.maven.surefire.booter.ForkedBooter.execute(ForkedBooter.java:162)
	at org.apache.maven.surefire.booter.ForkedBooter.run(ForkedBooter.java:562)
	at org.apache.maven.surefire.booter.ForkedBooter.main(ForkedBooter.java:548)
]]></system-err>
  </testcase>
  <testcase name="toQAReviewerAfterCFTReject" classname="com.pss.qms.ChangeControlRejection.QAReviewerAfterCFTReject" time="0">
    <failure message="Test skipped due to a detected failure in the overall suite." type="java.lang.RuntimeException"><![CDATA[java.lang.RuntimeException: Test skipped due to a detected failure in the overall suite.
]]></failure>
    <system-out><![CDATA[Test Name - toQAReviewerAfterCFTReject
Failed Test Case - toQAReviewerAfterCFTReject
Failed Test Method - QAReviewerAfterCFTReject.toQAReviewerAfterCFTReject()[pri:0, instance:com.pss.qms.ChangeControlRejection.QAReviewerAfterCFTReject@1e6d1014]
Throwing exception while taking screenshotnull
]]></system-out>
    <system-err><![CDATA[java.lang.RuntimeException: Test skipped due to a detected failure in the overall suite.
	at com.pss.qms.Listners.SuiteFailingInvokedMethodListener.beforeInvocation(SuiteFailingInvokedMethodListener.java:17)
	at org.testng.internal.invokers.InvokedMethodListenerInvoker$InvokeBeforeInvocationWithoutContextStrategy.callMethod(InvokedMethodListenerInvoker.java:88)
	at org.testng.internal.invokers.InvokedMethodListenerInvoker.invokeListener(InvokedMethodListenerInvoker.java:61)
	at org.testng.internal.BaseInvoker.runInvokedMethodListeners(BaseInvoker.java:55)
	at org.testng.internal.TestInvoker.invokeListenersForSkippedTestResult(TestInvoker.java:429)
	at org.testng.internal.TestInvoker.invokeMethod(TestInvoker.java:529)
	at org.testng.internal.TestInvoker.invokeTestMethod(TestInvoker.java:172)
	at org.testng.internal.MethodRunner.runInSequence(MethodRunner.java:46)
	at org.testng.internal.TestInvoker$MethodInvocationAgent.invoke(TestInvoker.java:804)
	at org.testng.internal.TestInvoker.invokeTestMethods(TestInvoker.java:145)
	at org.testng.internal.TestMethodWorker.invokeTestMethods(TestMethodWorker.java:146)
	at org.testng.internal.TestMethodWorker.run(TestMethodWorker.java:128)
	at java.util.ArrayList.forEach(ArrayList.java:1257)
	at org.testng.TestRunner.privateRun(TestRunner.java:770)
	at org.testng.TestRunner.run(TestRunner.java:591)
	at org.testng.SuiteRunner.runTest(SuiteRunner.java:402)
	at org.testng.SuiteRunner.runSequentially(SuiteRunner.java:396)
	at org.testng.SuiteRunner.privateRun(SuiteRunner.java:355)
	at org.testng.SuiteRunner.run(SuiteRunner.java:304)
	at org.testng.SuiteRunnerWorker.runSuite(SuiteRunnerWorker.java:53)
	at org.testng.SuiteRunnerWorker.run(SuiteRunnerWorker.java:96)
	at org.testng.TestNG.runSuitesSequentially(TestNG.java:1180)
	at org.testng.TestNG.runSuitesLocally(TestNG.java:1102)
	at org.testng.TestNG.runSuites(TestNG.java:1032)
	at org.testng.TestNG.run(TestNG.java:1000)
	at org.apache.maven.surefire.testng.TestNGExecutor.run(TestNGExecutor.java:284)
	at org.apache.maven.surefire.testng.TestNGXmlTestSuite.execute(TestNGXmlTestSuite.java:75)
	at org.apache.maven.surefire.testng.TestNGProvider.invoke(TestNGProvider.java:119)
	at org.apache.maven.surefire.booter.ForkedBooter.runSuitesInProcess(ForkedBooter.java:428)
	at org.apache.maven.surefire.booter.ForkedBooter.execute(ForkedBooter.java:162)
	at org.apache.maven.surefire.booter.ForkedBooter.run(ForkedBooter.java:562)
	at org.apache.maven.surefire.booter.ForkedBooter.main(ForkedBooter.java:548)
]]></system-err>
  </testcase>
  <testcase name="tearDown" classname="com.pss.qms.ChangeControlRejection.QAReviewerAfterCFTReject" time="0">
    <failure message="Test skipped due to a detected failure in the overall suite." type="java.lang.RuntimeException"><![CDATA[java.lang.RuntimeException: Test skipped due to a detected failure in the overall suite.
]]></failure>
  </testcase>
  <testcase name="tearDown" classname="com.pss.qms.ChangeControlRejection.QAReviewerAfterCFTReject" time="0">
    <failure message="Test skipped due to a detected failure in the overall suite." type="java.lang.RuntimeException"><![CDATA[java.lang.RuntimeException: Test skipped due to a detected failure in the overall suite.
]]></failure>
  </testcase>
  <testcase name="setUp" classname="com.pss.qms.ChangeControlRejection.CFTReviewApprove" time="0.109">
    <failure message="Test skipped due to a detected failure in the overall suite." type="java.lang.RuntimeException"><![CDATA[java.lang.RuntimeException: Test skipped due to a detected failure in the overall suite.
]]></failure>
    <system-out><![CDATA[onFinish - QMSTestSuites suite2
onStart - QMSTestSuites suite3
]]></system-out>
  </testcase>
  <testcase name="setUp" classname="com.pss.qms.ChangeControlRejection.CFTReviewApprove" time="0.094">
    <failure message="Test skipped due to a detected failure in the overall suite." type="java.lang.RuntimeException"><![CDATA[java.lang.RuntimeException: Test skipped due to a detected failure in the overall suite.
]]></failure>
    <system-out><![CDATA[onFinish - QMSTestSuites suite3
onStart - QMSTestSuites suite4
]]></system-out>
  </testcase>
  <testcase name="setUp" classname="com.pss.qms.ChangeControlRejection.CFTReviewApprove" time="0.078">
    <failure message="Test skipped due to a detected failure in the overall suite." type="java.lang.RuntimeException"><![CDATA[java.lang.RuntimeException: Test skipped due to a detected failure in the overall suite.
]]></failure>
    <system-out><![CDATA[onFinish - QMSTestSuites suite4
onStart - QMSTestSuites suite5
]]></system-out>
  </testcase>
  <testcase name="toCFTReviewApprove" classname="com.pss.qms.ChangeControlRejection.CFTReviewApprove" time="0.016">
    <failure message="Test skipped due to a detected failure in the overall suite." type="java.lang.RuntimeException"><![CDATA[java.lang.RuntimeException: Test skipped due to a detected failure in the overall suite.
]]></failure>
    <system-out><![CDATA[Test Name - toCFTReviewApprove
Failed Test Case - toCFTReviewApprove
Failed Test Method - CFTReviewApprove.toCFTReviewApprove()[pri:0, instance:com.pss.qms.ChangeControlRejection.CFTReviewApprove@2a17b7b6]
Throwing exception while taking screenshotnull
]]></system-out>
    <system-err><![CDATA[java.lang.RuntimeException: Test skipped due to a detected failure in the overall suite.
	at com.pss.qms.Listners.SuiteFailingInvokedMethodListener.beforeInvocation(SuiteFailingInvokedMethodListener.java:17)
	at org.testng.internal.invokers.InvokedMethodListenerInvoker$InvokeBeforeInvocationWithoutContextStrategy.callMethod(InvokedMethodListenerInvoker.java:88)
	at org.testng.internal.invokers.InvokedMethodListenerInvoker.invokeListener(InvokedMethodListenerInvoker.java:61)
	at org.testng.internal.BaseInvoker.runInvokedMethodListeners(BaseInvoker.java:55)
	at org.testng.internal.TestInvoker.invokeListenersForSkippedTestResult(TestInvoker.java:429)
	at org.testng.internal.TestInvoker.invokeMethod(TestInvoker.java:529)
	at org.testng.internal.TestInvoker.invokeTestMethod(TestInvoker.java:172)
	at org.testng.internal.MethodRunner.runInSequence(MethodRunner.java:46)
	at org.testng.internal.TestInvoker$MethodInvocationAgent.invoke(TestInvoker.java:804)
	at org.testng.internal.TestInvoker.invokeTestMethods(TestInvoker.java:145)
	at org.testng.internal.TestMethodWorker.invokeTestMethods(TestMethodWorker.java:146)
	at org.testng.internal.TestMethodWorker.run(TestMethodWorker.java:128)
	at java.util.ArrayList.forEach(ArrayList.java:1257)
	at org.testng.TestRunner.privateRun(TestRunner.java:770)
	at org.testng.TestRunner.run(TestRunner.java:591)
	at org.testng.SuiteRunner.runTest(SuiteRunner.java:402)
	at org.testng.SuiteRunner.runSequentially(SuiteRunner.java:396)
	at org.testng.SuiteRunner.privateRun(SuiteRunner.java:355)
	at org.testng.SuiteRunner.run(SuiteRunner.java:304)
	at org.testng.SuiteRunnerWorker.runSuite(SuiteRunnerWorker.java:53)
	at org.testng.SuiteRunnerWorker.run(SuiteRunnerWorker.java:96)
	at org.testng.TestNG.runSuitesSequentially(TestNG.java:1180)
	at org.testng.TestNG.runSuitesLocally(TestNG.java:1102)
	at org.testng.TestNG.runSuites(TestNG.java:1032)
	at org.testng.TestNG.run(TestNG.java:1000)
	at org.apache.maven.surefire.testng.TestNGExecutor.run(TestNGExecutor.java:284)
	at org.apache.maven.surefire.testng.TestNGXmlTestSuite.execute(TestNGXmlTestSuite.java:75)
	at org.apache.maven.surefire.testng.TestNGProvider.invoke(TestNGProvider.java:119)
	at org.apache.maven.surefire.booter.ForkedBooter.runSuitesInProcess(ForkedBooter.java:428)
	at org.apache.maven.surefire.booter.ForkedBooter.execute(ForkedBooter.java:162)
	at org.apache.maven.surefire.booter.ForkedBooter.run(ForkedBooter.java:562)
	at org.apache.maven.surefire.booter.ForkedBooter.main(ForkedBooter.java:548)
]]></system-err>
  </testcase>
  <testcase name="toCFTReviewApprove" classname="com.pss.qms.ChangeControlRejection.CFTReviewApprove" time="0">
    <failure message="Test skipped due to a detected failure in the overall suite." type="java.lang.RuntimeException"><![CDATA[java.lang.RuntimeException: Test skipped due to a detected failure in the overall suite.
]]></failure>
    <system-out><![CDATA[Test Name - toCFTReviewApprove
Failed Test Case - toCFTReviewApprove
Failed Test Method - CFTReviewApprove.toCFTReviewApprove()[pri:0, instance:com.pss.qms.ChangeControlRejection.CFTReviewApprove@51cdd8a]
Throwing exception while taking screenshotnull
]]></system-out>
    <system-err><![CDATA[java.lang.RuntimeException: Test skipped due to a detected failure in the overall suite.
	at com.pss.qms.Listners.SuiteFailingInvokedMethodListener.beforeInvocation(SuiteFailingInvokedMethodListener.java:17)
	at org.testng.internal.invokers.InvokedMethodListenerInvoker$InvokeBeforeInvocationWithoutContextStrategy.callMethod(InvokedMethodListenerInvoker.java:88)
	at org.testng.internal.invokers.InvokedMethodListenerInvoker.invokeListener(InvokedMethodListenerInvoker.java:61)
	at org.testng.internal.BaseInvoker.runInvokedMethodListeners(BaseInvoker.java:55)
	at org.testng.internal.TestInvoker.invokeListenersForSkippedTestResult(TestInvoker.java:429)
	at org.testng.internal.TestInvoker.invokeMethod(TestInvoker.java:529)
	at org.testng.internal.TestInvoker.invokeTestMethod(TestInvoker.java:172)
	at org.testng.internal.MethodRunner.runInSequence(MethodRunner.java:46)
	at org.testng.internal.TestInvoker$MethodInvocationAgent.invoke(TestInvoker.java:804)
	at org.testng.internal.TestInvoker.invokeTestMethods(TestInvoker.java:145)
	at org.testng.internal.TestMethodWorker.invokeTestMethods(TestMethodWorker.java:146)
	at org.testng.internal.TestMethodWorker.run(TestMethodWorker.java:128)
	at java.util.ArrayList.forEach(ArrayList.java:1257)
	at org.testng.TestRunner.privateRun(TestRunner.java:770)
	at org.testng.TestRunner.run(TestRunner.java:591)
	at org.testng.SuiteRunner.runTest(SuiteRunner.java:402)
	at org.testng.SuiteRunner.runSequentially(SuiteRunner.java:396)
	at org.testng.SuiteRunner.privateRun(SuiteRunner.java:355)
	at org.testng.SuiteRunner.run(SuiteRunner.java:304)
	at org.testng.SuiteRunnerWorker.runSuite(SuiteRunnerWorker.java:53)
	at org.testng.SuiteRunnerWorker.run(SuiteRunnerWorker.java:96)
	at org.testng.TestNG.runSuitesSequentially(TestNG.java:1180)
	at org.testng.TestNG.runSuitesLocally(TestNG.java:1102)
	at org.testng.TestNG.runSuites(TestNG.java:1032)
	at org.testng.TestNG.run(TestNG.java:1000)
	at org.apache.maven.surefire.testng.TestNGExecutor.run(TestNGExecutor.java:284)
	at org.apache.maven.surefire.testng.TestNGXmlTestSuite.execute(TestNGXmlTestSuite.java:75)
	at org.apache.maven.surefire.testng.TestNGProvider.invoke(TestNGProvider.java:119)
	at org.apache.maven.surefire.booter.ForkedBooter.runSuitesInProcess(ForkedBooter.java:428)
	at org.apache.maven.surefire.booter.ForkedBooter.execute(ForkedBooter.java:162)
	at org.apache.maven.surefire.booter.ForkedBooter.run(ForkedBooter.java:562)
	at org.apache.maven.surefire.booter.ForkedBooter.main(ForkedBooter.java:548)
]]></system-err>
  </testcase>
  <testcase name="toCFTReviewApprove" classname="com.pss.qms.ChangeControlRejection.CFTReviewApprove" time="0">
    <failure message="Test skipped due to a detected failure in the overall suite." type="java.lang.RuntimeException"><![CDATA[java.lang.RuntimeException: Test skipped due to a detected failure in the overall suite.
]]></failure>
    <system-out><![CDATA[Test Name - toCFTReviewApprove
Failed Test Case - toCFTReviewApprove
Failed Test Method - CFTReviewApprove.toCFTReviewApprove()[pri:0, instance:com.pss.qms.ChangeControlRejection.CFTReviewApprove@396f6598]
Throwing exception while taking screenshotnull
]]></system-out>
    <system-err><![CDATA[java.lang.RuntimeException: Test skipped due to a detected failure in the overall suite.
	at com.pss.qms.Listners.SuiteFailingInvokedMethodListener.beforeInvocation(SuiteFailingInvokedMethodListener.java:17)
	at org.testng.internal.invokers.InvokedMethodListenerInvoker$InvokeBeforeInvocationWithoutContextStrategy.callMethod(InvokedMethodListenerInvoker.java:88)
	at org.testng.internal.invokers.InvokedMethodListenerInvoker.invokeListener(InvokedMethodListenerInvoker.java:61)
	at org.testng.internal.BaseInvoker.runInvokedMethodListeners(BaseInvoker.java:55)
	at org.testng.internal.TestInvoker.invokeListenersForSkippedTestResult(TestInvoker.java:429)
	at org.testng.internal.TestInvoker.invokeMethod(TestInvoker.java:529)
	at org.testng.internal.TestInvoker.invokeTestMethod(TestInvoker.java:172)
	at org.testng.internal.MethodRunner.runInSequence(MethodRunner.java:46)
	at org.testng.internal.TestInvoker$MethodInvocationAgent.invoke(TestInvoker.java:804)
	at org.testng.internal.TestInvoker.invokeTestMethods(TestInvoker.java:145)
	at org.testng.internal.TestMethodWorker.invokeTestMethods(TestMethodWorker.java:146)
	at org.testng.internal.TestMethodWorker.run(TestMethodWorker.java:128)
	at java.util.ArrayList.forEach(ArrayList.java:1257)
	at org.testng.TestRunner.privateRun(TestRunner.java:770)
	at org.testng.TestRunner.run(TestRunner.java:591)
	at org.testng.SuiteRunner.runTest(SuiteRunner.java:402)
	at org.testng.SuiteRunner.runSequentially(SuiteRunner.java:396)
	at org.testng.SuiteRunner.privateRun(SuiteRunner.java:355)
	at org.testng.SuiteRunner.run(SuiteRunner.java:304)
	at org.testng.SuiteRunnerWorker.runSuite(SuiteRunnerWorker.java:53)
	at org.testng.SuiteRunnerWorker.run(SuiteRunnerWorker.java:96)
	at org.testng.TestNG.runSuitesSequentially(TestNG.java:1180)
	at org.testng.TestNG.runSuitesLocally(TestNG.java:1102)
	at org.testng.TestNG.runSuites(TestNG.java:1032)
	at org.testng.TestNG.run(TestNG.java:1000)
	at org.apache.maven.surefire.testng.TestNGExecutor.run(TestNGExecutor.java:284)
	at org.apache.maven.surefire.testng.TestNGXmlTestSuite.execute(TestNGXmlTestSuite.java:75)
	at org.apache.maven.surefire.testng.TestNGProvider.invoke(TestNGProvider.java:119)
	at org.apache.maven.surefire.booter.ForkedBooter.runSuitesInProcess(ForkedBooter.java:428)
	at org.apache.maven.surefire.booter.ForkedBooter.execute(ForkedBooter.java:162)
	at org.apache.maven.surefire.booter.ForkedBooter.run(ForkedBooter.java:562)
	at org.apache.maven.surefire.booter.ForkedBooter.main(ForkedBooter.java:548)
]]></system-err>
  </testcase>
  <testcase name="tearDown" classname="com.pss.qms.ChangeControlRejection.CFTReviewApprove" time="0.016">
    <failure message="Test skipped due to a detected failure in the overall suite." type="java.lang.RuntimeException"><![CDATA[java.lang.RuntimeException: Test skipped due to a detected failure in the overall suite.
]]></failure>
  </testcase>
  <testcase name="tearDown" classname="com.pss.qms.ChangeControlRejection.CFTReviewApprove" time="0">
    <failure message="Test skipped due to a detected failure in the overall suite." type="java.lang.RuntimeException"><![CDATA[java.lang.RuntimeException: Test skipped due to a detected failure in the overall suite.
]]></failure>
  </testcase>
  <testcase name="tearDown" classname="com.pss.qms.ChangeControlRejection.CFTReviewApprove" time="0">
    <failure message="Test skipped due to a detected failure in the overall suite." type="java.lang.RuntimeException"><![CDATA[java.lang.RuntimeException: Test skipped due to a detected failure in the overall suite.
]]></failure>
  </testcase>
  <testcase name="setUp" classname="com.pss.qms.ChangeControlRejection.RegReviewerReject" time="0.016">
    <failure message="Test skipped due to a detected failure in the overall suite." type="java.lang.RuntimeException"><![CDATA[java.lang.RuntimeException: Test skipped due to a detected failure in the overall suite.
]]></failure>
  </testcase>
  <testcase name="toRegReviewerReject" classname="com.pss.qms.ChangeControlRejection.RegReviewerReject" time="0">
    <failure message="Test skipped due to a detected failure in the overall suite." type="java.lang.RuntimeException"><![CDATA[java.lang.RuntimeException: Test skipped due to a detected failure in the overall suite.
]]></failure>
    <system-out><![CDATA[Test Name - toRegReviewerReject
Failed Test Case - toRegReviewerReject
Failed Test Method - RegReviewerReject.toRegReviewerReject()[pri:0, instance:com.pss.qms.ChangeControlRejection.RegReviewerReject@4f063c0a]
Throwing exception while taking screenshotnull
]]></system-out>
    <system-err><![CDATA[java.lang.RuntimeException: Test skipped due to a detected failure in the overall suite.
	at com.pss.qms.Listners.SuiteFailingInvokedMethodListener.beforeInvocation(SuiteFailingInvokedMethodListener.java:17)
	at org.testng.internal.invokers.InvokedMethodListenerInvoker$InvokeBeforeInvocationWithoutContextStrategy.callMethod(InvokedMethodListenerInvoker.java:88)
	at org.testng.internal.invokers.InvokedMethodListenerInvoker.invokeListener(InvokedMethodListenerInvoker.java:61)
	at org.testng.internal.BaseInvoker.runInvokedMethodListeners(BaseInvoker.java:55)
	at org.testng.internal.TestInvoker.invokeListenersForSkippedTestResult(TestInvoker.java:429)
	at org.testng.internal.TestInvoker.invokeMethod(TestInvoker.java:529)
	at org.testng.internal.TestInvoker.invokeTestMethod(TestInvoker.java:172)
	at org.testng.internal.MethodRunner.runInSequence(MethodRunner.java:46)
	at org.testng.internal.TestInvoker$MethodInvocationAgent.invoke(TestInvoker.java:804)
	at org.testng.internal.TestInvoker.invokeTestMethods(TestInvoker.java:145)
	at org.testng.internal.TestMethodWorker.invokeTestMethods(TestMethodWorker.java:146)
	at org.testng.internal.TestMethodWorker.run(TestMethodWorker.java:128)
	at java.util.ArrayList.forEach(ArrayList.java:1257)
	at org.testng.TestRunner.privateRun(TestRunner.java:770)
	at org.testng.TestRunner.run(TestRunner.java:591)
	at org.testng.SuiteRunner.runTest(SuiteRunner.java:402)
	at org.testng.SuiteRunner.runSequentially(SuiteRunner.java:396)
	at org.testng.SuiteRunner.privateRun(SuiteRunner.java:355)
	at org.testng.SuiteRunner.run(SuiteRunner.java:304)
	at org.testng.SuiteRunnerWorker.runSuite(SuiteRunnerWorker.java:53)
	at org.testng.SuiteRunnerWorker.run(SuiteRunnerWorker.java:96)
	at org.testng.TestNG.runSuitesSequentially(TestNG.java:1180)
	at org.testng.TestNG.runSuitesLocally(TestNG.java:1102)
	at org.testng.TestNG.runSuites(TestNG.java:1032)
	at org.testng.TestNG.run(TestNG.java:1000)
	at org.apache.maven.surefire.testng.TestNGExecutor.run(TestNGExecutor.java:284)
	at org.apache.maven.surefire.testng.TestNGXmlTestSuite.execute(TestNGXmlTestSuite.java:75)
	at org.apache.maven.surefire.testng.TestNGProvider.invoke(TestNGProvider.java:119)
	at org.apache.maven.surefire.booter.ForkedBooter.runSuitesInProcess(ForkedBooter.java:428)
	at org.apache.maven.surefire.booter.ForkedBooter.execute(ForkedBooter.java:162)
	at org.apache.maven.surefire.booter.ForkedBooter.run(ForkedBooter.java:562)
	at org.apache.maven.surefire.booter.ForkedBooter.main(ForkedBooter.java:548)
]]></system-err>
  </testcase>
  <testcase name="tearDown" classname="com.pss.qms.ChangeControlRejection.RegReviewerReject" time="0">
    <failure message="Test skipped due to a detected failure in the overall suite." type="java.lang.RuntimeException"><![CDATA[java.lang.RuntimeException: Test skipped due to a detected failure in the overall suite.
]]></failure>
  </testcase>
  <testcase name="setUp" classname="com.pss.qms.ChangeControlRejection.RegReviewerApprove" time="0">
    <failure message="Test skipped due to a detected failure in the overall suite." type="java.lang.RuntimeException"><![CDATA[java.lang.RuntimeException: Test skipped due to a detected failure in the overall suite.
]]></failure>
  </testcase>
  <testcase name="setUp" classname="com.pss.qms.ChangeControlRejection.RegReviewerApprove" time="0">
    <failure message="Test skipped due to a detected failure in the overall suite." type="java.lang.RuntimeException"><![CDATA[java.lang.RuntimeException: Test skipped due to a detected failure in the overall suite.
]]></failure>
  </testcase>
  <testcase name="toRegReviewerApprove" classname="com.pss.qms.ChangeControlRejection.RegReviewerApprove" time="0">
    <failure message="Test skipped due to a detected failure in the overall suite." type="java.lang.RuntimeException"><![CDATA[java.lang.RuntimeException: Test skipped due to a detected failure in the overall suite.
]]></failure>
    <system-out><![CDATA[Test Name - toRegReviewerApprove
Failed Test Case - toRegReviewerApprove
Failed Test Method - RegReviewerApprove.toRegReviewerApprove()[pri:0, instance:com.pss.qms.ChangeControlRejection.RegReviewerApprove@d44fc21]
Throwing exception while taking screenshotnull
]]></system-out>
    <system-err><![CDATA[java.lang.RuntimeException: Test skipped due to a detected failure in the overall suite.
	at com.pss.qms.Listners.SuiteFailingInvokedMethodListener.beforeInvocation(SuiteFailingInvokedMethodListener.java:17)
	at org.testng.internal.invokers.InvokedMethodListenerInvoker$InvokeBeforeInvocationWithoutContextStrategy.callMethod(InvokedMethodListenerInvoker.java:88)
	at org.testng.internal.invokers.InvokedMethodListenerInvoker.invokeListener(InvokedMethodListenerInvoker.java:61)
	at org.testng.internal.BaseInvoker.runInvokedMethodListeners(BaseInvoker.java:55)
	at org.testng.internal.TestInvoker.invokeListenersForSkippedTestResult(TestInvoker.java:429)
	at org.testng.internal.TestInvoker.invokeMethod(TestInvoker.java:529)
	at org.testng.internal.TestInvoker.invokeTestMethod(TestInvoker.java:172)
	at org.testng.internal.MethodRunner.runInSequence(MethodRunner.java:46)
	at org.testng.internal.TestInvoker$MethodInvocationAgent.invoke(TestInvoker.java:804)
	at org.testng.internal.TestInvoker.invokeTestMethods(TestInvoker.java:145)
	at org.testng.internal.TestMethodWorker.invokeTestMethods(TestMethodWorker.java:146)
	at org.testng.internal.TestMethodWorker.run(TestMethodWorker.java:128)
	at java.util.ArrayList.forEach(ArrayList.java:1257)
	at org.testng.TestRunner.privateRun(TestRunner.java:770)
	at org.testng.TestRunner.run(TestRunner.java:591)
	at org.testng.SuiteRunner.runTest(SuiteRunner.java:402)
	at org.testng.SuiteRunner.runSequentially(SuiteRunner.java:396)
	at org.testng.SuiteRunner.privateRun(SuiteRunner.java:355)
	at org.testng.SuiteRunner.run(SuiteRunner.java:304)
	at org.testng.SuiteRunnerWorker.runSuite(SuiteRunnerWorker.java:53)
	at org.testng.SuiteRunnerWorker.run(SuiteRunnerWorker.java:96)
	at org.testng.TestNG.runSuitesSequentially(TestNG.java:1180)
	at org.testng.TestNG.runSuitesLocally(TestNG.java:1102)
	at org.testng.TestNG.runSuites(TestNG.java:1032)
	at org.testng.TestNG.run(TestNG.java:1000)
	at org.apache.maven.surefire.testng.TestNGExecutor.run(TestNGExecutor.java:284)
	at org.apache.maven.surefire.testng.TestNGXmlTestSuite.execute(TestNGXmlTestSuite.java:75)
	at org.apache.maven.surefire.testng.TestNGProvider.invoke(TestNGProvider.java:119)
	at org.apache.maven.surefire.booter.ForkedBooter.runSuitesInProcess(ForkedBooter.java:428)
	at org.apache.maven.surefire.booter.ForkedBooter.execute(ForkedBooter.java:162)
	at org.apache.maven.surefire.booter.ForkedBooter.run(ForkedBooter.java:562)
	at org.apache.maven.surefire.booter.ForkedBooter.main(ForkedBooter.java:548)
]]></system-err>
  </testcase>
  <testcase name="toRegReviewerApprove" classname="com.pss.qms.ChangeControlRejection.RegReviewerApprove" time="0">
    <failure message="Test skipped due to a detected failure in the overall suite." type="java.lang.RuntimeException"><![CDATA[java.lang.RuntimeException: Test skipped due to a detected failure in the overall suite.
]]></failure>
    <system-out><![CDATA[Test Name - toRegReviewerApprove
Failed Test Case - toRegReviewerApprove
Failed Test Method - RegReviewerApprove.toRegReviewerApprove()[pri:0, instance:com.pss.qms.ChangeControlRejection.RegReviewerApprove@394e1a0f]
Throwing exception while taking screenshotnull
]]></system-out>
    <system-err><![CDATA[java.lang.RuntimeException: Test skipped due to a detected failure in the overall suite.
	at com.pss.qms.Listners.SuiteFailingInvokedMethodListener.beforeInvocation(SuiteFailingInvokedMethodListener.java:17)
	at org.testng.internal.invokers.InvokedMethodListenerInvoker$InvokeBeforeInvocationWithoutContextStrategy.callMethod(InvokedMethodListenerInvoker.java:88)
	at org.testng.internal.invokers.InvokedMethodListenerInvoker.invokeListener(InvokedMethodListenerInvoker.java:61)
	at org.testng.internal.BaseInvoker.runInvokedMethodListeners(BaseInvoker.java:55)
	at org.testng.internal.TestInvoker.invokeListenersForSkippedTestResult(TestInvoker.java:429)
	at org.testng.internal.TestInvoker.invokeMethod(TestInvoker.java:529)
	at org.testng.internal.TestInvoker.invokeTestMethod(TestInvoker.java:172)
	at org.testng.internal.MethodRunner.runInSequence(MethodRunner.java:46)
	at org.testng.internal.TestInvoker$MethodInvocationAgent.invoke(TestInvoker.java:804)
	at org.testng.internal.TestInvoker.invokeTestMethods(TestInvoker.java:145)
	at org.testng.internal.TestMethodWorker.invokeTestMethods(TestMethodWorker.java:146)
	at org.testng.internal.TestMethodWorker.run(TestMethodWorker.java:128)
	at java.util.ArrayList.forEach(ArrayList.java:1257)
	at org.testng.TestRunner.privateRun(TestRunner.java:770)
	at org.testng.TestRunner.run(TestRunner.java:591)
	at org.testng.SuiteRunner.runTest(SuiteRunner.java:402)
	at org.testng.SuiteRunner.runSequentially(SuiteRunner.java:396)
	at org.testng.SuiteRunner.privateRun(SuiteRunner.java:355)
	at org.testng.SuiteRunner.run(SuiteRunner.java:304)
	at org.testng.SuiteRunnerWorker.runSuite(SuiteRunnerWorker.java:53)
	at org.testng.SuiteRunnerWorker.run(SuiteRunnerWorker.java:96)
	at org.testng.TestNG.runSuitesSequentially(TestNG.java:1180)
	at org.testng.TestNG.runSuitesLocally(TestNG.java:1102)
	at org.testng.TestNG.runSuites(TestNG.java:1032)
	at org.testng.TestNG.run(TestNG.java:1000)
	at org.apache.maven.surefire.testng.TestNGExecutor.run(TestNGExecutor.java:284)
	at org.apache.maven.surefire.testng.TestNGXmlTestSuite.execute(TestNGXmlTestSuite.java:75)
	at org.apache.maven.surefire.testng.TestNGProvider.invoke(TestNGProvider.java:119)
	at org.apache.maven.surefire.booter.ForkedBooter.runSuitesInProcess(ForkedBooter.java:428)
	at org.apache.maven.surefire.booter.ForkedBooter.execute(ForkedBooter.java:162)
	at org.apache.maven.surefire.booter.ForkedBooter.run(ForkedBooter.java:562)
	at org.apache.maven.surefire.booter.ForkedBooter.main(ForkedBooter.java:548)
]]></system-err>
  </testcase>
  <testcase name="tearDown" classname="com.pss.qms.ChangeControlRejection.RegReviewerApprove" time="0">
    <failure message="Test skipped due to a detected failure in the overall suite." type="java.lang.RuntimeException"><![CDATA[java.lang.RuntimeException: Test skipped due to a detected failure in the overall suite.
]]></failure>
  </testcase>
  <testcase name="tearDown" classname="com.pss.qms.ChangeControlRejection.RegReviewerApprove" time="0">
    <failure message="Test skipped due to a detected failure in the overall suite." type="java.lang.RuntimeException"><![CDATA[java.lang.RuntimeException: Test skipped due to a detected failure in the overall suite.
]]></failure>
  </testcase>
  <testcase name="setUp" classname="com.pss.qms.ChangeControlRejection.CustomerNotification" time="0">
    <failure message="Test skipped due to a detected failure in the overall suite." type="java.lang.RuntimeException"><![CDATA[java.lang.RuntimeException: Test skipped due to a detected failure in the overall suite.
]]></failure>
  </testcase>
  <testcase name="setUp" classname="com.pss.qms.ChangeControlRejection.CustomerNotification" time="0">
    <failure message="Test skipped due to a detected failure in the overall suite." type="java.lang.RuntimeException"><![CDATA[java.lang.RuntimeException: Test skipped due to a detected failure in the overall suite.
]]></failure>
  </testcase>
  <testcase name="toCustomerNotification" classname="com.pss.qms.ChangeControlRejection.CustomerNotification" time="0.015">
    <failure message="Test skipped due to a detected failure in the overall suite." type="java.lang.RuntimeException"><![CDATA[java.lang.RuntimeException: Test skipped due to a detected failure in the overall suite.
]]></failure>
    <system-out><![CDATA[Test Name - toCustomerNotification
Failed Test Case - toCustomerNotification
Failed Test Method - CustomerNotification.toCustomerNotification()[pri:0, instance:com.pss.qms.ChangeControlRejection.CustomerNotification@23faf8f2]
Throwing exception while taking screenshotnull
]]></system-out>
    <system-err><![CDATA[java.lang.RuntimeException: Test skipped due to a detected failure in the overall suite.
	at com.pss.qms.Listners.SuiteFailingInvokedMethodListener.beforeInvocation(SuiteFailingInvokedMethodListener.java:17)
	at org.testng.internal.invokers.InvokedMethodListenerInvoker$InvokeBeforeInvocationWithoutContextStrategy.callMethod(InvokedMethodListenerInvoker.java:88)
	at org.testng.internal.invokers.InvokedMethodListenerInvoker.invokeListener(InvokedMethodListenerInvoker.java:61)
	at org.testng.internal.BaseInvoker.runInvokedMethodListeners(BaseInvoker.java:55)
	at org.testng.internal.TestInvoker.invokeListenersForSkippedTestResult(TestInvoker.java:429)
	at org.testng.internal.TestInvoker.invokeMethod(TestInvoker.java:529)
	at org.testng.internal.TestInvoker.invokeTestMethod(TestInvoker.java:172)
	at org.testng.internal.MethodRunner.runInSequence(MethodRunner.java:46)
	at org.testng.internal.TestInvoker$MethodInvocationAgent.invoke(TestInvoker.java:804)
	at org.testng.internal.TestInvoker.invokeTestMethods(TestInvoker.java:145)
	at org.testng.internal.TestMethodWorker.invokeTestMethods(TestMethodWorker.java:146)
	at org.testng.internal.TestMethodWorker.run(TestMethodWorker.java:128)
	at java.util.ArrayList.forEach(ArrayList.java:1257)
	at org.testng.TestRunner.privateRun(TestRunner.java:770)
	at org.testng.TestRunner.run(TestRunner.java:591)
	at org.testng.SuiteRunner.runTest(SuiteRunner.java:402)
	at org.testng.SuiteRunner.runSequentially(SuiteRunner.java:396)
	at org.testng.SuiteRunner.privateRun(SuiteRunner.java:355)
	at org.testng.SuiteRunner.run(SuiteRunner.java:304)
	at org.testng.SuiteRunnerWorker.runSuite(SuiteRunnerWorker.java:53)
	at org.testng.SuiteRunnerWorker.run(SuiteRunnerWorker.java:96)
	at org.testng.TestNG.runSuitesSequentially(TestNG.java:1180)
	at org.testng.TestNG.runSuitesLocally(TestNG.java:1102)
	at org.testng.TestNG.runSuites(TestNG.java:1032)
	at org.testng.TestNG.run(TestNG.java:1000)
	at org.apache.maven.surefire.testng.TestNGExecutor.run(TestNGExecutor.java:284)
	at org.apache.maven.surefire.testng.TestNGXmlTestSuite.execute(TestNGXmlTestSuite.java:75)
	at org.apache.maven.surefire.testng.TestNGProvider.invoke(TestNGProvider.java:119)
	at org.apache.maven.surefire.booter.ForkedBooter.runSuitesInProcess(ForkedBooter.java:428)
	at org.apache.maven.surefire.booter.ForkedBooter.execute(ForkedBooter.java:162)
	at org.apache.maven.surefire.booter.ForkedBooter.run(ForkedBooter.java:562)
	at org.apache.maven.surefire.booter.ForkedBooter.main(ForkedBooter.java:548)
]]></system-err>
  </testcase>
  <testcase name="toCustomerNotification" classname="com.pss.qms.ChangeControlRejection.CustomerNotification" time="0.016">
    <failure message="Test skipped due to a detected failure in the overall suite." type="java.lang.RuntimeException"><![CDATA[java.lang.RuntimeException: Test skipped due to a detected failure in the overall suite.
]]></failure>
    <system-out><![CDATA[Test Name - toCustomerNotification
Failed Test Case - toCustomerNotification
Failed Test Method - CustomerNotification.toCustomerNotification()[pri:0, instance:com.pss.qms.ChangeControlRejection.CustomerNotification@27a5f880]
Throwing exception while taking screenshotnull
]]></system-out>
    <system-err><![CDATA[java.lang.RuntimeException: Test skipped due to a detected failure in the overall suite.
	at com.pss.qms.Listners.SuiteFailingInvokedMethodListener.beforeInvocation(SuiteFailingInvokedMethodListener.java:17)
	at org.testng.internal.invokers.InvokedMethodListenerInvoker$InvokeBeforeInvocationWithoutContextStrategy.callMethod(InvokedMethodListenerInvoker.java:88)
	at org.testng.internal.invokers.InvokedMethodListenerInvoker.invokeListener(InvokedMethodListenerInvoker.java:61)
	at org.testng.internal.BaseInvoker.runInvokedMethodListeners(BaseInvoker.java:55)
	at org.testng.internal.TestInvoker.invokeListenersForSkippedTestResult(TestInvoker.java:429)
	at org.testng.internal.TestInvoker.invokeMethod(TestInvoker.java:529)
	at org.testng.internal.TestInvoker.invokeTestMethod(TestInvoker.java:172)
	at org.testng.internal.MethodRunner.runInSequence(MethodRunner.java:46)
	at org.testng.internal.TestInvoker$MethodInvocationAgent.invoke(TestInvoker.java:804)
	at org.testng.internal.TestInvoker.invokeTestMethods(TestInvoker.java:145)
	at org.testng.internal.TestMethodWorker.invokeTestMethods(TestMethodWorker.java:146)
	at org.testng.internal.TestMethodWorker.run(TestMethodWorker.java:128)
	at java.util.ArrayList.forEach(ArrayList.java:1257)
	at org.testng.TestRunner.privateRun(TestRunner.java:770)
	at org.testng.TestRunner.run(TestRunner.java:591)
	at org.testng.SuiteRunner.runTest(SuiteRunner.java:402)
	at org.testng.SuiteRunner.runSequentially(SuiteRunner.java:396)
	at org.testng.SuiteRunner.privateRun(SuiteRunner.java:355)
	at org.testng.SuiteRunner.run(SuiteRunner.java:304)
	at org.testng.SuiteRunnerWorker.runSuite(SuiteRunnerWorker.java:53)
	at org.testng.SuiteRunnerWorker.run(SuiteRunnerWorker.java:96)
	at org.testng.TestNG.runSuitesSequentially(TestNG.java:1180)
	at org.testng.TestNG.runSuitesLocally(TestNG.java:1102)
	at org.testng.TestNG.runSuites(TestNG.java:1032)
	at org.testng.TestNG.run(TestNG.java:1000)
	at org.apache.maven.surefire.testng.TestNGExecutor.run(TestNGExecutor.java:284)
	at org.apache.maven.surefire.testng.TestNGXmlTestSuite.execute(TestNGXmlTestSuite.java:75)
	at org.apache.maven.surefire.testng.TestNGProvider.invoke(TestNGProvider.java:119)
	at org.apache.maven.surefire.booter.ForkedBooter.runSuitesInProcess(ForkedBooter.java:428)
	at org.apache.maven.surefire.booter.ForkedBooter.execute(ForkedBooter.java:162)
	at org.apache.maven.surefire.booter.ForkedBooter.run(ForkedBooter.java:562)
	at org.apache.maven.surefire.booter.ForkedBooter.main(ForkedBooter.java:548)
]]></system-err>
  </testcase>
  <testcase name="tearDown" classname="com.pss.qms.ChangeControlRejection.CustomerNotification" time="0.015">
    <failure message="Test skipped due to a detected failure in the overall suite." type="java.lang.RuntimeException"><![CDATA[java.lang.RuntimeException: Test skipped due to a detected failure in the overall suite.
]]></failure>
  </testcase>
  <testcase name="tearDown" classname="com.pss.qms.ChangeControlRejection.CustomerNotification" time="0.016">
    <failure message="Test skipped due to a detected failure in the overall suite." type="java.lang.RuntimeException"><![CDATA[java.lang.RuntimeException: Test skipped due to a detected failure in the overall suite.
]]></failure>
  </testcase>
  <testcase name="setUp" classname="com.pss.qms.ChangeControlRejection.CustomerResponseReject" time="0.015">
    <failure message="Test skipped due to a detected failure in the overall suite." type="java.lang.RuntimeException"><![CDATA[java.lang.RuntimeException: Test skipped due to a detected failure in the overall suite.
]]></failure>
  </testcase>
  <testcase name="toReviewCCCustomerResponseReject" classname="com.pss.qms.ChangeControlRejection.CustomerResponseReject" time="0">
    <failure message="Test skipped due to a detected failure in the overall suite." type="java.lang.RuntimeException"><![CDATA[java.lang.RuntimeException: Test skipped due to a detected failure in the overall suite.
]]></failure>
    <system-out><![CDATA[Test Name - toReviewCCCustomerResponseReject
Failed Test Case - toReviewCCCustomerResponseReject
Failed Test Method - CustomerResponseReject.toReviewCCCustomerResponseReject()[pri:0, instance:com.pss.qms.ChangeControlRejection.CustomerResponseReject@2d6eabae]
Throwing exception while taking screenshotnull
]]></system-out>
    <system-err><![CDATA[java.lang.RuntimeException: Test skipped due to a detected failure in the overall suite.
	at com.pss.qms.Listners.SuiteFailingInvokedMethodListener.beforeInvocation(SuiteFailingInvokedMethodListener.java:17)
	at org.testng.internal.invokers.InvokedMethodListenerInvoker$InvokeBeforeInvocationWithoutContextStrategy.callMethod(InvokedMethodListenerInvoker.java:88)
[...]
    <failure message="Test skipped due to a detected failure in the overall suite." type="java.lang.RuntimeException"><![CDATA[java.lang.RuntimeException: Test skipped due to a detected failure in the overall suite.
]]></failure>
  </testcase>
  <testcase name="setUp" classname="com.pss.qms.ChangeControlRejection.ActionItemApprove" time="0">
    <failure message="Test skipped due to a detected failure in the overall suite." type="java.lang.RuntimeException"><![CDATA[java.lang.RuntimeException: Test skipped due to a detected failure in the overall suite.
]]></failure>
  </testcase>
  <testcase name="toActionItemApprove" classname="com.pss.qms.ChangeControlRejection.ActionItemApprove" time="0">
    <failure message="Test skipped due to a detected failure in the overall suite." type="java.lang.RuntimeException"><![CDATA[java.lang.RuntimeException: Test skipped due to a detected failure in the overall suite.
]]></failure>
    <system-out><![CDATA[Test Name - toActionItemApprove
Failed Test Case - toActionItemApprove
Failed Test Method - ActionItemApprove.toActionItemApprove()[pri:0, instance:com.pss.qms.ChangeControlRejection.ActionItemApprove@480bdb19]
Throwing exception while taking screenshotnull
]]></system-out>
    <system-err><![CDATA[java.lang.RuntimeException: Test skipped due to a detected failure in the overall suite.
	at com.pss.qms.Listners.SuiteFailingInvokedMethodListener.beforeInvocation(SuiteFailingInvokedMethodListener.java:17)
	at org.testng.internal.invokers.InvokedMethodListenerInvoker$InvokeBeforeInvocationWithoutContextStrategy.callMethod(InvokedMethodListenerInvoker.java:88)
	at org.testng.internal.invokers.InvokedMethodListenerInvoker.invokeListener(InvokedMethodListenerInvoker.java:61)
	at org.testng.internal.BaseInvoker.runInvokedMethodListeners(BaseInvoker.java:55)
	at org.testng.internal.TestInvoker.invokeListenersForSkippedTestResult(TestInvoker.java:429)
	at org.testng.internal.TestInvoker.invokeMethod(TestInvoker.java:529)
	at org.testng.internal.TestInvoker.invokeTestMethod(TestInvoker.java:172)
	at org.testng.internal.MethodRunner.runInSequence(MethodRunner.java:46)
	at org.testng.internal.TestInvoker$MethodInvocationAgent.invoke(TestInvoker.java:804)
	at org.testng.internal.TestInvoker.invokeTestMethods(TestInvoker.java:145)
	at org.testng.internal.TestMethodWorker.invokeTestMethods(TestMethodWorker.java:146)
	at org.testng.internal.TestMethodWorker.run(TestMethodWorker.java:128)
	at java.util.ArrayList.forEach(ArrayList.java:1257)
	at org.testng.TestRunner.privateRun(TestRunner.java:770)
	at org.testng.TestRunner.run(TestRunner.java:591)
	at org.testng.SuiteRunner.runTest(SuiteRunner.java:402)
	at org.testng.SuiteRunner.runSequentially(SuiteRunner.java:396)
	at org.testng.SuiteRunner.privateRun(SuiteRunner.java:355)
	at org.testng.SuiteRunner.run(SuiteRunner.java:304)
	at org.testng.SuiteRunnerWorker.runSuite(SuiteRunnerWorker.java:53)
	at org.testng.SuiteRunnerWorker.run(SuiteRunnerWorker.java:96)
	at org.testng.TestNG.runSuitesSequentially(TestNG.java:1180)
	at org.testng.TestNG.runSuitesLocally(TestNG.java:1102)
	at org.testng.TestNG.runSuites(TestNG.java:1032)
	at org.testng.TestNG.run(TestNG.java:1000)
	at org.apache.maven.surefire.testng.TestNGExecutor.run(TestNGExecutor.java:284)
	at org.apache.maven.surefire.testng.TestNGXmlTestSuite.execute(TestNGXmlTestSuite.java:75)
	at org.apache.maven.surefire.testng.TestNGProvider.invoke(TestNGProvider.java:119)
	at org.apache.maven.surefire.booter.ForkedBooter.runSuitesInProcess(ForkedBooter.java:428)
	at org.apache.maven.surefire.booter.ForkedBooter.execute(ForkedBooter.java:162)
	at org.apache.maven.surefire.booter.ForkedBooter.run(ForkedBooter.java:562)
	at org.apache.maven.surefire.booter.ForkedBooter.main(ForkedBooter.java:548)
]]></system-err>
  </testcase>
  <testcase name="tearDown" classname="com.pss.qms.ChangeControlRejection.ActionItemApprove" time="0">
    <failure message="Test skipped due to a detected failure in the overall suite." type="java.lang.RuntimeException"><![CDATA[java.lang.RuntimeException: Test skipped due to a detected failure in the overall suite.
]]></failure>
  </testcase>
  <testcase name="setUp" classname="com.pss.qms.ChangeControlRejection.ClosureReview" time="0">
    <failure message="Test skipped due to a detected failure in the overall suite." type="java.lang.RuntimeException"><![CDATA[java.lang.RuntimeException: Test skipped due to a detected failure in the overall suite.
]]></failure>
  </testcase>
  <testcase name="setUp" classname="com.pss.qms.ChangeControlRejection.ClosureReview" time="0.032">
    <failure message="Test skipped due to a detected failure in the overall suite." type="java.lang.RuntimeException"><![CDATA[java.lang.RuntimeException: Test skipped due to a detected failure in the overall suite.
]]></failure>
    <system-out><![CDATA[onFinish - QMSTestSuites suite10
onStart - QMSTestSuites suite11
]]></system-out>
  </testcase>
  <testcase name="toCCClosureReview" classname="com.pss.qms.ChangeControlRejection.ClosureReview" time="0">
    <failure message="Test skipped due to a detected failure in the overall suite." type="java.lang.RuntimeException"><![CDATA[java.lang.RuntimeException: Test skipped due to a detected failure in the overall suite.
]]></failure>
    <system-out><![CDATA[Test Name - toCCClosureReview
Failed Test Case - toCCClosureReview
Failed Test Method - ClosureReview.toCCClosureReview()[pri:0, instance:com.pss.qms.ChangeControlRejection.ClosureReview@2a556333]
Throwing exception while taking screenshotnull
]]></system-out>
    <system-err><![CDATA[java.lang.RuntimeException: Test skipped due to a detected failure in the overall suite.
	at com.pss.qms.Listners.SuiteFailingInvokedMethodListener.beforeInvocation(SuiteFailingInvokedMethodListener.java:17)
	at org.testng.internal.invokers.InvokedMethodListenerInvoker$InvokeBeforeInvocationWithoutContextStrategy.callMethod(InvokedMethodListenerInvoker.java:88)
	at org.testng.internal.invokers.InvokedMethodListenerInvoker.invokeListener(InvokedMethodListenerInvoker.java:61)
	at org.testng.internal.BaseInvoker.runInvokedMethodListeners(BaseInvoker.java:55)
	at org.testng.internal.TestInvoker.invokeListenersForSkippedTestResult(TestInvoker.java:429)
	at org.testng.internal.TestInvoker.invokeMethod(TestInvoker.java:529)
	at org.testng.internal.TestInvoker.invokeTestMethod(TestInvoker.java:172)
	at org.testng.internal.MethodRunner.runInSequence(MethodRunner.java:46)
	at org.testng.internal.TestInvoker$MethodInvocationAgent.invoke(TestInvoker.java:804)
	at org.testng.internal.TestInvoker.invokeTestMethods(TestInvoker.java:145)
	at org.testng.internal.TestMethodWorker.invokeTestMethods(TestMethodWorker.java:146)
	at org.testng.internal.TestMethodWorker.run(TestMethodWorker.java:128)
	at java.util.ArrayList.forEach(ArrayList.java:1257)
	at org.testng.TestRunner.privateRun(TestRunner.java:770)
	at org.testng.TestRunner.run(TestRunner.java:591)
	at org.testng.SuiteRunner.runTest(SuiteRunner.java:402)
	at org.testng.SuiteRunner.runSequentially(SuiteRunner.java:396)
	at org.testng.SuiteRunner.privateRun(SuiteRunner.java:355)
	at org.testng.SuiteRunner.run(SuiteRunner.java:304)
	at org.testng.SuiteRunnerWorker.runSuite(SuiteRunnerWorker.java:53)
	at org.testng.SuiteRunnerWorker.run(SuiteRunnerWorker.java:96)
	at org.testng.TestNG.runSuitesSequentially(TestNG.java:1180)
	at org.testng.TestNG.runSuitesLocally(TestNG.java:1102)
	at org.testng.TestNG.runSuites(TestNG.java:1032)
	at org.testng.TestNG.run(TestNG.java:1000)
	at org.apache.maven.surefire.testng.TestNGExecutor.run(TestNGExecutor.java:284)
	at org.apache.maven.surefire.testng.TestNGXmlTestSuite.execute(TestNGXmlTestSuite.java:75)
	at org.apache.maven.surefire.testng.TestNGProvider.invoke(TestNGProvider.java:119)
	at org.apache.maven.surefire.booter.ForkedBooter.runSuitesInProcess(ForkedBooter.java:428)
	at org.apache.maven.surefire.booter.ForkedBooter.execute(ForkedBooter.java:162)
	at org.apache.maven.surefire.booter.ForkedBooter.run(ForkedBooter.java:562)
	at org.apache.maven.surefire.booter.ForkedBooter.main(ForkedBooter.java:548)
]]></system-err>
  </testcase>
  <testcase name="toCCClosureReview" classname="com.pss.qms.ChangeControlRejection.ClosureReview" time="0">
    <failure message="Test skipped due to a detected failure in the overall suite." type="java.lang.RuntimeException"><![CDATA[java.lang.RuntimeException: Test skipped due to a detected failure in the overall suite.
]]></failure>
    <system-out><![CDATA[Test Name - toCCClosureReview
Failed Test Case - toCCClosureReview
Failed Test Method - ClosureReview.toCCClosureReview()[pri:0, instance:com.pss.qms.ChangeControlRejection.ClosureReview@2173f6d9]
Throwing exception while taking screenshotnull
]]></system-out>
    <system-err><![CDATA[java.lang.RuntimeException: Test skipped due to a detected failure in the overall suite.
	at com.pss.qms.Listners.SuiteFailingInvokedMethodListener.beforeInvocation(SuiteFailingInvokedMethodListener.java:17)
	at org.testng.internal.invokers.InvokedMethodListenerInvoker$InvokeBeforeInvocationWithoutContextStrategy.callMethod(InvokedMethodListenerInvoker.java:88)
	at org.testng.internal.invokers.InvokedMethodListenerInvoker.invokeListener(InvokedMethodListenerInvoker.java:61)
	at org.testng.internal.BaseInvoker.runInvokedMethodListeners(BaseInvoker.java:55)
	at org.testng.internal.TestInvoker.invokeListenersForSkippedTestResult(TestInvoker.java:429)
	at org.testng.internal.TestInvoker.invokeMethod(TestInvoker.java:529)
	at org.testng.internal.TestInvoker.invokeTestMethod(TestInvoker.java:172)
	at org.testng.internal.MethodRunner.runInSequence(MethodRunner.java:46)
	at org.testng.internal.TestInvoker$MethodInvocationAgent.invoke(TestInvoker.java:804)
	at org.testng.internal.TestInvoker.invokeTestMethods(TestInvoker.java:145)
	at org.testng.internal.TestMethodWorker.invokeTestMethods(TestMethodWorker.java:146)
	at org.testng.internal.TestMethodWorker.run(TestMethodWorker.java:128)
	at java.util.ArrayList.forEach(ArrayList.java:1257)
	at org.testng.TestRunner.privateRun(TestRunner.java:770)
	at org.testng.TestRunner.run(TestRunner.java:591)
	at org.testng.SuiteRunner.runTest(SuiteRunner.java:402)
	at org.testng.SuiteRunner.runSequentially(SuiteRunner.java:396)
	at org.testng.SuiteRunner.privateRun(SuiteRunner.java:355)
	at org.testng.SuiteRunner.run(SuiteRunner.java:304)
	at org.testng.SuiteRunnerWorker.runSuite(SuiteRunnerWorker.java:53)
	at org.testng.SuiteRunnerWorker.run(SuiteRunnerWorker.java:96)
	at org.testng.TestNG.runSuitesSequentially(TestNG.java:1180)
	at org.testng.TestNG.runSuitesLocally(TestNG.java:1102)
	at org.testng.TestNG.runSuites(TestNG.java:1032)
	at org.testng.TestNG.run(TestNG.java:1000)
	at org.apache.maven.surefire.testng.TestNGExecutor.run(TestNGExecutor.java:284)
	at org.apache.maven.surefire.testng.TestNGXmlTestSuite.execute(TestNGXmlTestSuite.java:75)
	at org.apache.maven.surefire.testng.TestNGProvider.invoke(TestNGProvider.java:119)
	at org.apache.maven.surefire.booter.ForkedBooter.runSuitesInProcess(ForkedBooter.java:428)
	at org.apache.maven.surefire.booter.ForkedBooter.execute(ForkedBooter.java:162)
	at org.apache.maven.surefire.booter.ForkedBooter.run(ForkedBooter.java:562)
	at org.apache.maven.surefire.booter.ForkedBooter.main(ForkedBooter.java:548)
]]></system-err>
  </testcase>
  <testcase name="tearDown" classname="com.pss.qms.ChangeControlRejection.ClosureReview" time="0">
    <failure message="Test skipped due to a detected failure in the overall suite." type="java.lang.RuntimeException"><![CDATA[java.lang.RuntimeException: Test skipped due to a detected failure in the overall suite.
]]></failure>
  </testcase>
  <testcase name="tearDown" classname="com.pss.qms.ChangeControlRejection.ClosureReview" time="0">
    <failure message="Test skipped due to a detected failure in the overall suite." type="java.lang.RuntimeException"><![CDATA[java.lang.RuntimeException: Test skipped due to a detected failure in the overall suite.
]]></failure>
  </testcase>
  <testcase name="setUp" classname="com.pss.qms.ChangeControlRejection.ClosureApproveReject" time="0">
    <failure message="Test skipped due to a detected failure in the overall suite." type="java.lang.RuntimeException"><![CDATA[java.lang.RuntimeException: Test skipped due to a detected failure in the overall suite.
]]></failure>
  </testcase>
  <testcase name="toClosureApproveReject" classname="com.pss.qms.ChangeControlRejection.ClosureApproveReject" time="0">
    <failure message="Test skipped due to a detected failure in the overall suite." type="java.lang.RuntimeException"><![CDATA[java.lang.RuntimeException: Test skipped due to a detected failure in the overall suite.
]]></failure>
    <system-out><![CDATA[Test Name - toClosureApproveReject
Failed Test Case - toClosureApproveReject
Failed Test Method - ClosureApproveReject.toClosureApproveReject()[pri:0, instance:com.pss.qms.ChangeControlRejection.ClosureApproveReject@7d70d1b1]
Throwing exception while taking screenshotnull
]]></system-out>
    <system-err><![CDATA[java.lang.RuntimeException: Test skipped due to a detected failure in the overall suite.
	at com.pss.qms.Listners.SuiteFailingInvokedMethodListener.beforeInvocation(SuiteFailingInvokedMethodListener.java:17)
	at org.testng.internal.invokers.InvokedMethodListenerInvoker$InvokeBeforeInvocationWithoutContextStrategy.callMethod(InvokedMethodListenerInvoker.java:88)
	at org.testng.internal.invokers.InvokedMethodListenerInvoker.invokeListener(InvokedMethodListenerInvoker.java:61)
	at org.testng.internal.BaseInvoker.runInvokedMethodListeners(BaseInvoker.java:55)
	at org.testng.internal.TestInvoker.invokeListenersForSkippedTestResult(TestInvoker.java:429)
	at org.testng.internal.TestInvoker.invokeMethod(TestInvoker.java:529)
	at org.testng.internal.TestInvoker.invokeTestMethod(TestInvoker.java:172)
	at org.testng.internal.MethodRunner.runInSequence(MethodRunner.java:46)
	at org.testng.internal.TestInvoker$MethodInvocationAgent.invoke(TestInvoker.java:804)
	at org.testng.internal.TestInvoker.invokeTestMethods(TestInvoker.java:145)
	at org.testng.internal.TestMethodWorker.invokeTestMethods(TestMethodWorker.java:146)
	at org.testng.internal.TestMethodWorker.run(TestMethodWorker.java:128)
	at java.util.ArrayList.forEach(ArrayList.java:1257)
	at org.testng.TestRunner.privateRun(TestRunner.java:770)
	at org.testng.TestRunner.run(TestRunner.java:591)
	at org.testng.SuiteRunner.runTest(SuiteRunner.java:402)
	at org.testng.SuiteRunner.runSequentially(SuiteRunner.java:396)
	at org.testng.SuiteRunner.privateRun(SuiteRunner.java:355)
	at org.testng.SuiteRunner.run(SuiteRunner.java:304)
	at org.testng.SuiteRunnerWorker.runSuite(SuiteRunnerWorker.java:53)
	at org.testng.SuiteRunnerWorker.run(SuiteRunnerWorker.java:96)
	at org.testng.TestNG.runSuitesSequentially(TestNG.java:1180)
	at org.testng.TestNG.runSuitesLocally(TestNG.java:1102)
	at org.testng.TestNG.runSuites(TestNG.java:1032)
	at org.testng.TestNG.run(TestNG.java:1000)
	at org.apache.maven.surefire.testng.TestNGExecutor.run(TestNGExecutor.java:284)
	at org.apache.maven.surefire.testng.TestNGXmlTestSuite.execute(TestNGXmlTestSuite.java:75)
	at org.apache.maven.surefire.testng.TestNGProvider.invoke(TestNGProvider.java:119)
	at org.apache.maven.surefire.booter.ForkedBooter.runSuitesInProcess(ForkedBooter.java:428)
	at org.apache.maven.surefire.booter.ForkedBooter.execute(ForkedBooter.java:162)
	at org.apache.maven.surefire.booter.ForkedBooter.run(ForkedBooter.java:562)
	at org.apache.maven.surefire.booter.ForkedBooter.main(ForkedBooter.java:548)
]]></system-err>
  </testcase>
  <testcase name="tearDown" classname="com.pss.qms.ChangeControlRejection.ClosureApproveReject" time="0">
    <failure message="Test skipped due to a detected failure in the overall suite." type="java.lang.RuntimeException"><![CDATA[java.lang.RuntimeException: Test skipped due to a detected failure in the overall suite.
]]></failure>
  </testcase>
  <testcase name="setUp" classname="com.pss.qms.ChangeControlRejection.ClosureApprove" time="0">
    <failure message="Test skipped due to a detected failure in the overall suite." type="java.lang.RuntimeException"><![CDATA[java.lang.RuntimeException: Test skipped due to a detected failure in the overall suite.
]]></failure>
  </testcase>
  <testcase name="toCCClosureApprove" classname="com.pss.qms.ChangeControlRejection.ClosureApprove" time="0">
    <failure message="Test skipped due to a detected failure in the overall suite." type="java.lang.RuntimeException"><![CDATA[java.lang.RuntimeException: Test skipped due to a detected failure in the overall suite.
]]></failure>
    <system-out><![CDATA[Test Name - toCCClosureApprove
Failed Test Case - toCCClosureApprove
Failed Test Method - ClosureApprove.toCCClosureApprove()[pri:0, instance:com.pss.qms.ChangeControlRejection.ClosureApprove@307f6b8c]
Throwing exception while taking screenshotnull
]]></system-out>
    <system-err><![CDATA[java.lang.RuntimeException: Test skipped due to a detected failure in the overall suite.
	at com.pss.qms.Listners.SuiteFailingInvokedMethodListener.beforeInvocation(SuiteFailingInvokedMethodListener.java:17)
	at org.testng.internal.invokers.InvokedMethodListenerInvoker$InvokeBeforeInvocationWithoutContextStrategy.callMethod(InvokedMethodListenerInvoker.java:88)
	at org.testng.internal.invokers.InvokedMethodListenerInvoker.invokeListener(InvokedMethodListenerInvoker.java:61)
	at org.testng.internal.BaseInvoker.runInvokedMethodListeners(BaseInvoker.java:55)
	at org.testng.internal.TestInvoker.invokeListenersForSkippedTestResult(TestInvoker.java:429)
	at org.testng.internal.TestInvoker.invokeMethod(TestInvoker.java:529)
	at org.testng.internal.TestInvoker.invokeTestMethod(TestInvoker.java:172)
	at org.testng.internal.MethodRunner.runInSequence(MethodRunner.java:46)
	at org.testng.internal.TestInvoker$MethodInvocationAgent.invoke(TestInvoker.java:804)
	at org.testng.internal.TestInvoker.invokeTestMethods(TestInvoker.java:145)
	at org.testng.internal.TestMethodWorker.invokeTestMethods(TestMethodWorker.java:146)
	at org.testng.internal.TestMethodWorker.run(TestMethodWorker.java:128)
	at java.util.ArrayList.forEach(ArrayList.java:1257)
	at org.testng.TestRunner.privateRun(TestRunner.java:770)
	at org.testng.TestRunner.run(TestRunner.java:591)
	at org.testng.SuiteRunner.runTest(SuiteRunner.java:402)
	at org.testng.SuiteRunner.runSequentially(SuiteRunner.java:396)
	at org.testng.SuiteRunner.privateRun(SuiteRunner.java:355)
	at org.testng.SuiteRunner.run(SuiteRunner.java:304)
	at org.testng.SuiteRunnerWorker.runSuite(SuiteRunnerWorker.java:53)
	at org.testng.SuiteRunnerWorker.run(SuiteRunnerWorker.java:96)
	at org.testng.TestNG.runSuitesSequentially(TestNG.java:1180)
	at org.testng.TestNG.runSuitesLocally(TestNG.java:1102)
	at org.testng.TestNG.runSuites(TestNG.java:1032)
	at org.testng.TestNG.run(TestNG.java:1000)
	at org.apache.maven.surefire.testng.TestNGExecutor.run(TestNGExecutor.java:284)
	at org.apache.maven.surefire.testng.TestNGXmlTestSuite.execute(TestNGXmlTestSuite.java:75)
	at org.apache.maven.surefire.testng.TestNGProvider.invoke(TestNGProvider.java:119)
	at org.apache.maven.surefire.booter.ForkedBooter.runSuitesInProcess(ForkedBooter.java:428)
	at org.apache.maven.surefire.booter.ForkedBooter.execute(ForkedBooter.java:162)
	at org.apache.maven.surefire.booter.ForkedBooter.run(ForkedBooter.java:562)
	at org.apache.maven.surefire.booter.ForkedBooter.main(ForkedBooter.java:548)
]]></system-err>
  </testcase>
  <testcase name="tearDown" classname="com.pss.qms.ChangeControlRejection.ClosureApprove" time="0">
    <failure message="Test skipped due to a detected failure in the overall suite." type="java.lang.RuntimeException"><![CDATA[java.lang.RuntimeException: Test skipped due to a detected failure in the overall suite.
]]></failure>
  </testcase>
</testsuite>