<?xml version="1.0" encoding="UTF-8"?>
<!-- Generated by org.testng.reporters.JUnitXMLReporter -->
<testsuite hostname="DESKTOP-SKPPPFG" ignored="0" name="AuditManagementExternalScheduleRejection" tests="8" failures="2" timestamp="2021-08-26T17:47:23 IST" time="527.815" errors="0">
  <testcase name="@AfterMethod testIT" time="-1.629980243559E9" classname="com.pss.qms.AuditManagementExternalRejection.ExternalObservationsAndResponseApproval">
    <failure type="java.lang.RuntimeException" message="Test skipped due to a detected failure in the overall suite.">
      <![CDATA[java.lang.RuntimeException: Test skipped due to a detected failure in the overall suite.
at com.pss.qms.Listners.SuiteFailingInvokedMethodListener.beforeInvocation(SuiteFailingInvokedMethodListener.java:17)
at java.util.ArrayList.forEach(ArrayList.java:1257)
... Removed 29 stack frames]]>
    </failure>
  </testcase> <!-- @AfterMethod testIT -->
  <testcase name="@AfterClass tearDown" time="-1.629980243563E9" classname="com.pss.qms.login.AMLoginDetails">
    <failure type="java.lang.RuntimeException" message="Test skipped due to a detected failure in the overall suite.">
      <![CDATA[java.lang.RuntimeException: Test skipped due to a detected failure in the overall suite.
at com.pss.qms.Listners.SuiteFailingInvokedMethodListener.beforeInvocation(SuiteFailingInvokedMethodListener.java:17)
at java.util.ArrayList.forEach(ArrayList.java:1257)
... Removed 21 stack frames]]>
    </failure>
  </testcase> <!-- @AfterClass tearDown -->
  <testcase name="@BeforeClass setUp" time="-1.629980243565E9" classname="com.pss.qms.login.AMLoginDetails">
    <failure type="java.lang.RuntimeException" message="Test skipped due to a detected failure in the overall suite.">
      <![CDATA[java.lang.RuntimeException: Test skipped due to a detected failure in the overall suite.
at com.pss.qms.Listners.SuiteFailingInvokedMethodListener.beforeInvocation(SuiteFailingInvokedMethodListener.java:17)
at java.util.ArrayList.forEach(ArrayList.java:1257)
... Removed 22 stack frames]]>
    </failure>
  </testcase> <!-- @BeforeClass setUp -->
  <testcase name="@AfterClass tearDown" time="-1.629980243704E9" classname="com.pss.qms.login.AMLoginDetails">
    <failure type="java.lang.RuntimeException" message="Test skipped due to a detected failure in the overall suite.">
      <![CDATA[java.lang.RuntimeException: Test skipped due to a detected failure in the overall suite.
at com.pss.qms.Listners.SuiteFailingInvokedMethodListener.beforeInvocation(SuiteFailingInvokedMethodListener.java:17)
at java.util.ArrayList.forEach(ArrayList.java:1257)
... Removed 21 stack frames]]>
    </failure>
  </testcase> <!-- @AfterClass tearDown -->
  <testcase name="AuditPlan" time="55.887" classname="com.pss.qms.AuditManagementExternalRejection.AuditPlanExternalSchedule"/>
  <testcase name="toExternalObservationsAndResponse" time="148.0" classname="com.pss.qms.AuditManagementExternalRejection.ExternalObservationsAndResponse"/>
  <testcase name="toExternalObservationsAndResponseReviewReject" time="65.995" classname="com.pss.qms.AuditManagementExternalRejection.ExternalObservationsAndResponseReviewReject"/>
  <testcase name="toExternalObsAndResponseRejectApprove" time="68.392" classname="com.pss.qms.AuditManagementExternalRejection.ExternalObsAndResponseRejectApprove"/>
  <testcase name="toExternalObservationsAndResponseReview" time="64.119" classname="com.pss.qms.AuditManagementExternalRejection.ExternalObservationsAndResponseReview"/>
  <testcase name="toExternalObsAndResponseApproveReject" time="63.892" classname="com.pss.qms.AuditManagementExternalRejection.ExternalObsAndResponseApproveReject"/>
  <testcase name="toExternalObservationsAndResponseApproval" time="16.215" classname="com.pss.qms.AuditManagementExternalRejection.ExternalObservationsAndResponseApproval">
    <failure type="java.lang.AssertionError" message="did not expect to find [true] but found [false]">
      <![CDATA[java.lang.AssertionError: did not expect to find [true] but found [false]
at com.pss.qms.AuditManagementExternalRejection.ExternalObservationsAndResponseApproval.methodToDoExternalObsApprove(ExternalObservationsAndResponseApproval.java:188)
at com.pss.qms.AuditManagementExternalRejection.ExternalObservationsAndResponseApproval.toExternalObservationsAndResponseApproval(ExternalObservationsAndResponseApproval.java:105)
at java.util.ArrayList.forEach(ArrayList.java:1257)
... Removed 31 stack frames]]>
    </failure>
  </testcase> <!-- toExternalObservationsAndResponseApproval -->
  <testcase name="CloseAudit" time="0.004" classname="com.pss.qms.AuditManagementExternalRejection.CloseAuditExternalSchedule">
    <failure type="java.lang.RuntimeException" message="Test skipped due to a detected failure in the overall suite.">
      <![CDATA[java.lang.RuntimeException: Test skipped due to a detected failure in the overall suite.
at com.pss.qms.Listners.SuiteFailingInvokedMethodListener.beforeInvocation(SuiteFailingInvokedMethodListener.java:17)
at java.util.ArrayList.forEach(ArrayList.java:1257)
... Removed 26 stack frames]]>
    </failure>
  </testcase> <!-- CloseAudit -->
</testsuite> <!-- AuditManagementExternalScheduleRejection -->
