<?xml version="1.0" encoding="UTF-8"?>
<!-- Generated by org.testng.reporters.JUnitXMLReporter -->
<testsuite hostname="DESKTOP-2TQFBEG" ignored="0" name="CAPAInitiationToCloser2" tests="5" failures="0" timestamp="2022-01-27T11:56:48 IST" time="362.945" errors="0">
  <testcase name="CAPACompletionApprovalMethod" time="68.697" classname="com.pss.qms.CAPACAorPAFwd.CAPACompletionApproval"/>
  <testcase name="EffectiveCheckInitiateCAorPA" time="85.436" classname="com.pss.qms.CAPACAorPAFwd.EffectiveCheckInitiateCAorPA"/>
  <testcase name="EffectiveCheckInitiateReview" time="67.979" classname="com.pss.qms.CAPACAorPAFwd.EffectiveCheckInitiateReview"/>
  <testcase name="EffectiveCheckPerformCA" time="59.251" classname="com.pss.qms.CAPACAorPAFwd.EffectiveCheckPerformCA"/>
  <testcase name="EffectiveCheckPerformPA" time="51.606" classname="com.pss.qms.CAPACAorPAFwd.EffectiveCheckPerformPA"/>
</testsuite> <!-- CAPAInitiationToCloser2 -->
