<?xml version="1.0" encoding="UTF-8"?>
<!-- Generated by org.testng.reporters.JUnitXMLReporter -->
<testsuite hostname="DESKTOP-2TQFBEG" ignored="0" name="CAPAInitiationToCloser1" tests="9" failures="0" timestamp="2022-01-27T11:50:45 IST" time="704.991" errors="0">
  <testcase name="CAPANewPlanCAorPA" time="98.576" classname="com.pss.qms.CAPACAorPAFwd.CAPANewPlanCAorPA"/>
  <testcase name="deptHODCAPAModuleCAorPA" time="67.843" classname="com.pss.qms.CAPACAorPAFwd.DeptHODCAPAModuleCAorPA"/>
  <testcase name="QAReviewerCAPACaorPA" time="83.172" classname="com.pss.qms.CAPACAorPAFwd.QAReviewerCAPACaorPA"/>
  <testcase name="QAApproverCAPACAorPA" time="80.596" classname="com.pss.qms.CAPACAorPAFwd.QAApproverCAPACAorPA"/>
  <testcase name="CAPAPerformTaskCA" time="71.133" classname="com.pss.qms.CAPACAorPAFwd.CAPAPerformTaskCA"/>
  <testcase name="CAPAPerformTaskPA" time="66.016" classname="com.pss.qms.CAPACAorPAFwd.CAPAPerformTaskPA"/>
  <testcase name="CAPAApproveTaskCA" time="50.304" classname="com.pss.qms.CAPACAorPAFwd.CAPAApproveTaskCA"/>
  <testcase name="CAPAApproveTaskPA" time="54.667" classname="com.pss.qms.CAPACAorPAFwd.CAPAApproveTaskPA"/>
  <testcase name="CAPACompletionMethod" time="72.54" classname="com.pss.qms.CAPACAorPAFwd.CAPACompletion"/>
</testsuite> <!-- CAPAInitiationToCloser1 -->
