<?xml version="1.0" encoding="UTF-8"?>
<!-- Generated by org.testng.reporters.JUnitXMLReporter -->
<testsuite hostname="DESKTOP-2TQFBEG" ignored="0" name="IncidentInvestigation3" tests="4" failures="0" timestamp="2021-10-12T10:20:42 IST" time="291.488" errors="0">
  <testcase name="toInvReReview" time="69.912" classname="com.pss.qms.IncidentManagementWithCustomerCftRACAPAInvRejFlow.InvReReview"/>
  <testcase name="toCFTInvReview" time="66.055" classname="com.pss.qms.IncidentManagementWithCustomerCftRACAPAInvRejFlow.CFTInvReview"/>
  <testcase name="QAReReviewer" time="80.332" classname="com.pss.qms.IncidentManagementWithCustomerCftRACAPAInvRejFlow.QAReReviewInc"/>
  <testcase name="QAReApproverIncident" time="55.718" classname="com.pss.qms.IncidentManagementWithCustomerCftRACAPAInvRejFlow.QAReApproveInc"/>
</testsuite> <!-- IncidentInvestigation3 -->
