<?xml version="1.0" encoding="UTF-8"?>
<!-- Generated by org.testng.reporters.JUnitXMLReporter -->
<testsuite hostname="PSS-LAP2" ignored="0" name="IncidentPostApprovalAction" tests="4" failures="0" timestamp="2021-07-12T17:38:42 IST" time="287.361" errors="0">
  <testcase name="PostApprovalActionsIncident" time="84.116" classname="com.pss.qms.IncidentManagementWithCustomerCftRARejFlow.PostApprovalActionsInitiate"/>
  <testcase name="PostApprovalActionsReviewIncident" time="50.837" classname="com.pss.qms.IncidentManagementWithCustomerCftRARejFlow.PostApprovalActionsReviewRevert"/>
  <testcase name="PostApprovalActionsDeviation" time="72.327" classname="com.pss.qms.IncidentManagementWithCustomerCftRARejFlow.PostApprovalActionReInitate"/>
  <testcase name="PostApprovalActionsReviewIncident" time="51.264" classname="com.pss.qms.IncidentManagementWithCustomerCftRARejFlow.PostApprovalActionsReview"/>
</testsuite> <!-- IncidentPostApprovalAction -->
