<?xml version="1.0" encoding="UTF-8"?>
<!-- Generated by org.testng.reporters.JUnitXMLReporter -->
<testsuite hostname="DESKTOP-2TQFBEG" ignored="0" name="MultiUserAssignRoleRiskAssessment" tests="8" failures="1" timestamp="2021-10-14T21:16:50 IST" time="195.662" errors="0">
  <testcase name="toMultiUserCreation" time="194.878" classname="com.pss.qms.AssignQMSRoles.MultiUsersAssignRoleRiskAssessmentTest">
    <failure type="org.openqa.selenium.StaleElementReferenceException" message="stale element reference: element is not attached to the page document
  (Session info: chrome=94.0.4606.81)
For documentation on this error, please visit: https://www.seleniumhq.org/exceptions/stale_element_reference.html
Build info: version: &amp;apos;3.141.59&amp;apos;, revision: &amp;apos;e82be7d358&amp;apos;, time: &amp;apos;2018-11-14T08:17:03&amp;apos;
System info: host: &amp;apos;DESKTOP-2TQFBEG&amp;apos;, ip: &amp;apos;10.0.0.3&amp;apos;, os.name: &amp;apos;Windows 10&amp;apos;, os.arch: &amp;apos;amd64&amp;apos;, os.version: &amp;apos;10.0&amp;apos;, java.version: &amp;apos;1.8.0_202&amp;apos;
Driver info: org.openqa.selenium.chrome.ChromeDriver
Capabilities {acceptInsecureCerts: false, browserName: chrome, browserVersion: 94.0.4606.81, chrome: {chromedriverVersion: 94.0.4606.41 (333e85df3c9b6..., userDataDir: C:\Users\krmoh\AppData\Loca...}, goog:chromeOptions: {debuggerAddress: localhost:55543}, javascriptEnabled: true, networkConnectionEnabled: false, pageLoadStrategy: normal, platform: WINDOWS, platformName: WINDOWS, proxy: Proxy(), setWindowRect: true, strictFileInteractability: false, timeouts: {implicit: 0, pageLoad: 300000, script: 30000}, unhandledPromptBehavior: dismiss and notify, webauthn:extension:credBlob: true, webauthn:extension:largeBlob: true, webauthn:virtualAuthenticators: true}
Session ID: b0e92250b09ce1983f5826c0d12a907f">
      <![CDATA[org.openqa.selenium.StaleElementReferenceException: stale element reference: element is not attached to the page document
  (Session info: chrome=94.0.4606.81)
For documentation on this error, please visit: https://www.seleniumhq.org/exceptions/stale_element_reference.html
Build info: version: '3.141.59', revision: 'e82be7d358', time: '2018-11-14T08:17:03'
System info: host: 'DESKTOP-2TQFBEG', ip: '10.0.0.3', os.name: 'Windows 10', os.arch: 'amd64', os.version: '10.0', java.version: '1.8.0_202'
Driver info: org.openqa.selenium.chrome.ChromeDriver
Capabilities {acceptInsecureCerts: false, browserName: chrome, browserVersion: 94.0.4606.81, chrome: {chromedriverVersion: 94.0.4606.41 (333e85df3c9b6..., userDataDir: C:\Users\krmoh\AppData\Loca...}, goog:chromeOptions: {debuggerAddress: localhost:55543}, javascriptEnabled: true, networkConnectionEnabled: false, pageLoadStrategy: normal, platform: WINDOWS, platformName: WINDOWS, proxy: Proxy(), setWindowRect: true, strictFileInteractability: false, timeouts: {implicit: 0, pageLoad: 300000, script: 30000}, unhandledPromptBehavior: dismiss and notify, webauthn:extension:credBlob: true, webauthn:extension:largeBlob: true, webauthn:virtualAuthenticators: true}
Session ID: b0e92250b09ce1983f5826c0d12a907f
at org.openqa.selenium.remote.http.W3CHttpResponseCodec.createException(W3CHttpResponseCodec.java:187)
at org.openqa.selenium.remote.http.W3CHttpResponseCodec.decode(W3CHttpResponseCodec.java:122)
at org.openqa.selenium.remote.http.W3CHttpResponseCodec.decode(W3CHttpResponseCodec.java:49)
at org.openqa.selenium.remote.HttpCommandExecutor.execute(HttpCommandExecutor.java:158)
at org.openqa.selenium.remote.service.DriverCommandExecutor.execute(DriverCommandExecutor.java:83)
at org.openqa.selenium.remote.RemoteWebDriver.execute(RemoteWebDriver.java:552)
at org.openqa.selenium.remote.RemoteWebElement.execute(RemoteWebElement.java:285)
at org.openqa.selenium.remote.RemoteWebElement.getText(RemoteWebElement.java:166)
at com.pss.qms.AssignQMSRoles.RiskAssessmentAssignRole.toCreateUsers(RiskAssessmentAssignRole.java:68)
at com.pss.qms.AssignQMSRoles.RiskAssessmentAssignRole.RiskAssessmentAssignRoleMethod(RiskAssessmentAssignRole.java:38)
at com.pss.qms.AssignQMSRoles.MultiUsersAssignRoleRiskAssessmentTest.toMultiUserCreation(MultiUsersAssignRoleRiskAssessmentTest.java:55)
at java.util.ArrayList.forEach(ArrayList.java:1257)
... Removed 31 stack frames]]>
    </failure>
  </testcase> <!-- toMultiUserCreation -->
  <testcase name="toMultiUserCreation" time="0.001" classname="com.pss.qms.AssignQMSRoles.MultiUsersAssignRoleRiskAssessmentTest">
    <skipped/>
  </testcase> <!-- toMultiUserCreation -->
  <testcase name="toMultiUserCreation" time="0.0" classname="com.pss.qms.AssignQMSRoles.MultiUsersAssignRoleRiskAssessmentTest">
    <skipped/>
  </testcase> <!-- toMultiUserCreation -->
  <testcase name="toMultiUserCreation" time="0.001" classname="com.pss.qms.AssignQMSRoles.MultiUsersAssignRoleRiskAssessmentTest">
    <skipped/>
  </testcase> <!-- toMultiUserCreation -->
  <testcase name="toMultiUserCreation" time="0.001" classname="com.pss.qms.AssignQMSRoles.MultiUsersAssignRoleRiskAssessmentTest">
    <skipped/>
  </testcase> <!-- toMultiUserCreation -->
  <testcase name="toMultiUserCreation" time="0.0" classname="com.pss.qms.AssignQMSRoles.MultiUsersAssignRoleRiskAssessmentTest">
    <skipped/>
  </testcase> <!-- toMultiUserCreation -->
  <testcase name="toMultiUserCreation" time="0.001" classname="com.pss.qms.AssignQMSRoles.MultiUsersAssignRoleRiskAssessmentTest">
    <skipped/>
  </testcase> <!-- toMultiUserCreation -->
  <testcase name="toMultiUserCreation" time="0.0" classname="com.pss.qms.AssignQMSRoles.MultiUsersAssignRoleRiskAssessmentTest">
    <skipped/>
  </testcase> <!-- toMultiUserCreation -->
</testsuite> <!-- MultiUserAssignRoleRiskAssessment -->
