<?xml version="1.0" encoding="UTF-8"?>
<!-- Generated by org.testng.reporters.JUnitXMLReporter -->
<testsuite hostname="DESKTOP-SKPPPFG" ignored="0" name="PlannedAuditManagementWithAI" tests="10" failures="0" timestamp="2021-08-25T17:52:15 IST" time="810.338" errors="0">
  <testcase name="toPlanSchedule" time="68.36" classname="com.pss.qms.AuditManagementPlanSchWithAIRejectionFlow.PlanSchedule"/>
  <testcase name="toPlanSheduleReject" time="41.874" classname="com.pss.qms.AuditManagementPlanSchWithAIRejectionFlow.PlanScheduleReject"/>
  <testcase name="toPlanScheduleRejectedApprove" time="53.657" classname="com.pss.qms.AuditManagementPlanSchWithAIRejectionFlow.PlanScheduleRejectedApprove"/>
  <testcase name="toPlanScheduleApprove" time="41.866" classname="com.pss.qms.AuditManagementPlanSchWithAIRejectionFlow.PlanScheduleApprove"/>
  <testcase name="toAuditPlan" time="61.713" classname="com.pss.qms.AuditManagementPlanSchWithAIRejectionFlow.AuditPlan"/>
  <testcase name="toInternalAuditObservations" time="265.956" classname="com.pss.qms.AuditManagementPlanSchWithAIRejectionFlow.InternalAuditObservations"/>
  <testcase name="toReviewAuditObservationsReject" time="54.499" classname="com.pss.qms.AuditManagementPlanSchWithAIRejectionFlow.ReviewAuditObservationsReject"/>
  <testcase name="toInternalAuditObservationsRejectedApprove" time="50.239" classname="com.pss.qms.AuditManagementPlanSchWithAIRejectionFlow.InternalAuditObservationsRejectedApprove"/>
  <testcase name="toReviewAuditObservations" time="51.42" classname="com.pss.qms.AuditManagementPlanSchWithAIRejectionFlow.ReviewAuditObservations"/>
  <testcase name="toAuditObservationsApprovalReject" time="56.571" classname="com.pss.qms.AuditManagementPlanSchWithAIRejectionFlow.AuditObservationsApprovalReject"/>
</testsuite> <!-- PlannedAuditManagementWithAI -->
