<?xml version="1.0" encoding="UTF-8"?>
<!-- Generated by org.testng.reporters.JUnitXMLReporter -->
<testsuite hostname="DESKTOP-2TQFBEG" ignored="0" name="RAInitiationToCloser1" tests="5" failures="0" timestamp="2022-01-22T22:12:02 IST" time="335.468" errors="0">
  <testcase name="ActionItemPerformRA" time="116.784" classname="com.pss.qms.RiskAssessmentModule.ActionItemPerformRAModule"/>
  <testcase name="ActionItemApproveRA" time="34.986" classname="com.pss.qms.RiskAssessmentModule.ActionItemApproveRAModule"/>
  <testcase name="ReEvaluationInitiationoveRA" time="63.944" classname="com.pss.qms.RiskAssessmentModule.ReEvaluationInitiation"/>
  <testcase name="ReEvaluationReview" time="46.735" classname="com.pss.qms.RiskAssessmentModule.ReEvaluationReview"/>
  <testcase name="RiskAcceptanceRA" time="42.458" classname="com.pss.qms.RiskAssessmentModule.RiskAcceptanceRAModule"/>
</testsuite> <!-- RAInitiationToCloser1 -->
