<?xml version="1.0" encoding="UTF-8"?>
<!-- Generated by org.testng.reporters.JUnitXMLReporter -->
<testsuite hostname="DESKTOP-2TQFBEG" ignored="0" name="CAPAInitiationToCloser5" tests="5" failures="5" timestamp="2022-01-28T15:03:35 IST" time="0.554" errors="0">
  <testcase name="EffectiveCheckPerformAfterRejectByDepthodPA" time="0.001" classname="com.pss.qms.CAPACAorPARejFlow.EffectiveCheckPerformAfterRejectByDepthodPA">
    <failure type="java.lang.RuntimeException" message="Test skipped due to a detected failure in the overall suite.">
      <![CDATA[java.lang.RuntimeException: Test skipped due to a detected failure in the overall suite.
at com.pss.qms.Listners.SuiteFailingInvokedMethodListener.beforeInvocation(SuiteFailingInvokedMethodListener.java:17)
at java.util.ArrayList.forEach(ArrayList.java:1257)
... Removed 27 stack frames]]>
    </failure>
  </testcase> <!-- EffectiveCheckPerformAfterRejectByDepthodPA -->
  <testcase name="DepthodEffectiveCheckReviewCA" time="0.001" classname="com.pss.qms.CAPACAorPARejFlow.DepthodEffectiveCheckReviewCA">
    <failure type="java.lang.RuntimeException" message="Test skipped due to a detected failure in the overall suite.">
      <![CDATA[java.lang.RuntimeException: Test skipped due to a detected failure in the overall suite.
at com.pss.qms.Listners.SuiteFailingInvokedMethodListener.beforeInvocation(SuiteFailingInvokedMethodListener.java:17)
at java.util.ArrayList.forEach(ArrayList.java:1257)
... Removed 27 stack frames]]>
    </failure>
  </testcase> <!-- DepthodEffectiveCheckReviewCA -->
  <testcase name="DepthodEffectiveCheckReviewPA" time="0.001" classname="com.pss.qms.CAPACAorPARejFlow.DepthodEffectiveCheckReviewPA">
    <failure type="java.lang.RuntimeException" message="Test skipped due to a detected failure in the overall suite.">
      <![CDATA[java.lang.RuntimeException: Test skipped due to a detected failure in the overall suite.
at com.pss.qms.Listners.SuiteFailingInvokedMethodListener.beforeInvocation(SuiteFailingInvokedMethodListener.java:17)
at java.util.ArrayList.forEach(ArrayList.java:1257)
... Removed 27 stack frames]]>
    </failure>
  </testcase> <!-- DepthodEffectiveCheckReviewPA -->
  <testcase name="EffectiveCheckReviewQAReviewerRejectCA" time="0.001" classname="com.pss.qms.CAPACAorPARejFlow.EffectiveCheckReviewQAReviewerRejectCA">
    <failure type="java.lang.RuntimeException" message="Test skipped due to a detected failure in the overall suite.">
      <![CDATA[java.lang.RuntimeException: Test skipped due to a detected failure in the overall suite.
at com.pss.qms.Listners.SuiteFailingInvokedMethodListener.beforeInvocation(SuiteFailingInvokedMethodListener.java:17)
at java.util.ArrayList.forEach(ArrayList.java:1257)
... Removed 27 stack frames]]>
    </failure>
  </testcase> <!-- EffectiveCheckReviewQAReviewerRejectCA -->
  <testcase name="EffectiveCheckReviewQAReviewerRejectPA" time="0.001" classname="com.pss.qms.CAPACAorPARejFlow.EffectiveCheckReviewQAReviewerRejectPA">
    <failure type="java.lang.RuntimeException" message="Test skipped due to a detected failure in the overall suite.">
      <![CDATA[java.lang.RuntimeException: Test skipped due to a detected failure in the overall suite.
at com.pss.qms.Listners.SuiteFailingInvokedMethodListener.beforeInvocation(SuiteFailingInvokedMethodListener.java:17)
at java.util.ArrayList.forEach(ArrayList.java:1257)
... Removed 27 stack frames]]>
    </failure>
  </testcase> <!-- EffectiveCheckReviewQAReviewerRejectPA -->
</testsuite> <!-- CAPAInitiationToCloser5 -->
