<?xml version="1.0" encoding="UTF-8"?>
<!-- Generated by org.testng.reporters.JUnitXMLReporter -->
<testsuite hostname="DESKTOP-SKPPPFG" ignored="0" name="QMSTestSuites suite5" tests="6" failures="6" timestamp="2022-04-30T21:54:36 IST" time="0.016" errors="0">
  <testcase name="toCFTReviewApprove" time="0.0" classname="com.pss.qms.ChangeControlRejection.CFTReviewApprove">
    <failure type="java.lang.RuntimeException" message="Test skipped due to a detected failure in the overall suite.">
      <![CDATA[java.lang.RuntimeException: Test skipped due to a detected failure in the overall suite.
at com.pss.qms.Listners.SuiteFailingInvokedMethodListener.beforeInvocation(SuiteFailingInvokedMethodListener.java:17)
at java.util.ArrayList.forEach(ArrayList.java:1257)
... Removed 30 stack frames]]>
    </failure>
  </testcase> <!-- toCFTReviewApprove -->
  <testcase name="toRegReviewerApprove" time="0.0" classname="com.pss.qms.ChangeControlRejection.RegReviewerApprove">
    <failure type="java.lang.RuntimeException" message="Test skipped due to a detected failure in the overall suite.">
      <![CDATA[java.lang.RuntimeException: Test skipped due to a detected failure in the overall suite.
at com.pss.qms.Listners.SuiteFailingInvokedMethodListener.beforeInvocation(SuiteFailingInvokedMethodListener.java:17)
at java.util.ArrayList.forEach(ArrayList.java:1257)
... Removed 30 stack frames]]>
    </failure>
  </testcase> <!-- toRegReviewerApprove -->
  <testcase name="toCustomerNotification" time="0.0" classname="com.pss.qms.ChangeControlRejection.CustomerNotification">
    <failure type="java.lang.RuntimeException" message="Test skipped due to a detected failure in the overall suite.">
      <![CDATA[java.lang.RuntimeException: Test skipped due to a detected failure in the overall suite.
at com.pss.qms.Listners.SuiteFailingInvokedMethodListener.beforeInvocation(SuiteFailingInvokedMethodListener.java:17)
at java.util.ArrayList.forEach(ArrayList.java:1257)
... Removed 30 stack frames]]>
    </failure>
  </testcase> <!-- toCustomerNotification -->
  <testcase name="toCustomerResponse" time="0.0" classname="com.pss.qms.ChangeControlRejection.CustomerResponse">
    <failure type="java.lang.RuntimeException" message="Test skipped due to a detected failure in the overall suite.">
      <![CDATA[java.lang.RuntimeException: Test skipped due to a detected failure in the overall suite.
at com.pss.qms.Listners.SuiteFailingInvokedMethodListener.beforeInvocation(SuiteFailingInvokedMethodListener.java:17)
at java.util.ArrayList.forEach(ArrayList.java:1257)
... Removed 30 stack frames]]>
    </failure>
  </testcase> <!-- toCustomerResponse -->
  <testcase name="toQAReviewWithoutCFT" time="0.0" classname="com.pss.qms.ChangeControlRejection.QAReviewWithoutCFT">
    <failure type="java.lang.RuntimeException" message="Test skipped due to a detected failure in the overall suite.">
      <![CDATA[java.lang.RuntimeException: Test skipped due to a detected failure in the overall suite.
at com.pss.qms.Listners.SuiteFailingInvokedMethodListener.beforeInvocation(SuiteFailingInvokedMethodListener.java:17)
at java.util.ArrayList.forEach(ArrayList.java:1257)
... Removed 30 stack frames]]>
    </failure>
  </testcase> <!-- toQAReviewWithoutCFT -->
  <testcase name="toQAApproveReject" time="0.0" classname="com.pss.qms.ChangeControlRejection.QAApproveReject">
    <failure type="java.lang.RuntimeException" message="Test skipped due to a detected failure in the overall suite.">
      <![CDATA[java.lang.RuntimeException: Test skipped due to a detected failure in the overall suite.
at com.pss.qms.Listners.SuiteFailingInvokedMethodListener.beforeInvocation(SuiteFailingInvokedMethodListener.java:17)
at java.util.ArrayList.forEach(ArrayList.java:1257)
... Removed 30 stack frames]]>
    </failure>
  </testcase> <!-- toQAApproveReject -->
</testsuite> <!-- QMSTestSuites suite5 -->
